  [1m[35m (1123.7ms)[0m  [1m[35mCREATE DATABASE "d4d_development" ENCODING = 'unicode'[0m
  ↳ /Users/devinreeks/.rvm/gems/ruby-2.6.3/gems/rake-13.0.0/lib/rake/task.rb:280
  [1m[35m (497.5ms)[0m  [1m[35mCREATE DATABASE "d4d_test" ENCODING = 'unicode'[0m
  ↳ /Users/devinreeks/.rvm/gems/ruby-2.6.3/gems/rake-13.0.0/lib/rake/task.rb:280
Started GET "/" for ::1 at 2019-11-09 11:21:08 +1000
Processing by Rails::WelcomeController#index as HTML
  Rendering /Users/devinreeks/.rvm/rubies/ruby-2.6.3/lib/ruby/gems/2.6.0/gems/railties-5.2.3/lib/rails/templates/rails/welcome/index.html.erb
  Rendered /Users/devinreeks/.rvm/rubies/ruby-2.6.3/lib/ruby/gems/2.6.0/gems/railties-5.2.3/lib/rails/templates/rails/welcome/index.html.erb (4.0ms)
Completed 200 OK in 33ms (Views: 13.1ms | ActiveRecord: 0.0ms)


  [1m[35m (46.2ms)[0m  [1m[35mCREATE TABLE "schema_migrations" ("version" character varying NOT NULL PRIMARY KEY)[0m
  ↳ /Users/devinreeks/.rvm/gems/ruby-2.6.3/gems/rake-13.0.0/lib/rake/task.rb:280
  [1m[35m (8.7ms)[0m  [1m[35mCREATE TABLE "ar_internal_metadata" ("key" character varying NOT NULL PRIMARY KEY, "value" character varying, "created_at" timestamp NOT NULL, "updated_at" timestamp NOT NULL)[0m
  ↳ /Users/devinreeks/.rvm/gems/ruby-2.6.3/gems/rake-13.0.0/lib/rake/task.rb:280
  [1m[35m (0.4ms)[0m  [1m[34mSELECT pg_try_advisory_lock(4620665285497503375)[0m
  ↳ /Users/devinreeks/.rvm/gems/ruby-2.6.3/gems/rake-13.0.0/lib/rake/task.rb:280
  [1m[35m (1.3ms)[0m  [1m[34mSELECT "schema_migrations"."version" FROM "schema_migrations" ORDER BY "schema_migrations"."version" ASC[0m
  ↳ /Users/devinreeks/.rvm/gems/ruby-2.6.3/gems/rake-13.0.0/lib/rake/task.rb:280
Migrating to CreateJobposts (20191109013002)
  [1m[35m (0.5ms)[0m  [1m[35mBEGIN[0m
  ↳ /Users/devinreeks/.rvm/gems/ruby-2.6.3/gems/rake-13.0.0/lib/rake/task.rb:280
  [1m[35m (29.9ms)[0m  [1m[35mCREATE TABLE "jobposts" ("id" bigserial primary key, "title" character varying, "description" text, "jobtype" boolean, "user_id" bigint, "created_at" timestamp NOT NULL, "updated_at" timestamp NOT NULL, CONSTRAINT "fk_rails_b373f1ac16"
FOREIGN KEY ("user_id")
  REFERENCES "users" ("id")
)[0m
  ↳ db/migrate/20191109013002_create_jobposts.rb:3
  [1m[35m (0.3ms)[0m  [1m[31mROLLBACK[0m
  ↳ /Users/devinreeks/.rvm/gems/ruby-2.6.3/gems/rake-13.0.0/lib/rake/task.rb:280
  [1m[35m (0.3ms)[0m  [1m[34mSELECT pg_advisory_unlock(4620665285497503375)[0m
  ↳ /Users/devinreeks/.rvm/gems/ruby-2.6.3/gems/rake-13.0.0/lib/rake/task.rb:280
  [1m[35m (0.2ms)[0m  [1m[34mSELECT pg_try_advisory_lock(4620665285497503375)[0m
  ↳ /Users/devinreeks/.rvm/gems/ruby-2.6.3/gems/rake-13.0.0/lib/rake/task.rb:280
  [1m[35m (0.8ms)[0m  [1m[34mSELECT "schema_migrations"."version" FROM "schema_migrations" ORDER BY "schema_migrations"."version" ASC[0m
  ↳ /Users/devinreeks/.rvm/gems/ruby-2.6.3/gems/rake-13.0.0/lib/rake/task.rb:280
Migrating to CreateJobposts (20191109013002)
  [1m[35m (0.2ms)[0m  [1m[35mBEGIN[0m
  ↳ /Users/devinreeks/.rvm/gems/ruby-2.6.3/gems/rake-13.0.0/lib/rake/task.rb:280
  [1m[35m (106.5ms)[0m  [1m[35mCREATE TABLE "jobposts" ("id" bigserial primary key, "title" character varying, "description" text, "jobtype" boolean, "created_at" timestamp NOT NULL, "updated_at" timestamp NOT NULL)[0m
  ↳ db/migrate/20191109013002_create_jobposts.rb:3
  [1m[36mActiveRecord::SchemaMigration Create (48.4ms)[0m  [1m[32mINSERT INTO "schema_migrations" ("version") VALUES ($1) RETURNING "version"[0m  [["version", "20191109013002"]]
  ↳ /Users/devinreeks/.rvm/gems/ruby-2.6.3/gems/rake-13.0.0/lib/rake/task.rb:280
  [1m[35m (4.3ms)[0m  [1m[35mCOMMIT[0m
  ↳ /Users/devinreeks/.rvm/gems/ruby-2.6.3/gems/rake-13.0.0/lib/rake/task.rb:280
  [1m[36mActiveRecord::InternalMetadata Load (2.1ms)[0m  [1m[34mSELECT  "ar_internal_metadata".* FROM "ar_internal_metadata" WHERE "ar_internal_metadata"."key" = $1 LIMIT $2[0m  [["key", "environment"], ["LIMIT", 1]]
  ↳ /Users/devinreeks/.rvm/gems/ruby-2.6.3/gems/rake-13.0.0/lib/rake/task.rb:280
  [1m[35m (0.2ms)[0m  [1m[35mBEGIN[0m
  ↳ /Users/devinreeks/.rvm/gems/ruby-2.6.3/gems/rake-13.0.0/lib/rake/task.rb:280
  [1m[36mActiveRecord::InternalMetadata Create (9.5ms)[0m  [1m[32mINSERT INTO "ar_internal_metadata" ("key", "value", "created_at", "updated_at") VALUES ($1, $2, $3, $4) RETURNING "key"[0m  [["key", "environment"], ["value", "development"], ["created_at", "2019-11-09 01:34:47.370262"], ["updated_at", "2019-11-09 01:34:47.370262"]]
  ↳ /Users/devinreeks/.rvm/gems/ruby-2.6.3/gems/rake-13.0.0/lib/rake/task.rb:280
  [1m[35m (0.7ms)[0m  [1m[35mCOMMIT[0m
  ↳ /Users/devinreeks/.rvm/gems/ruby-2.6.3/gems/rake-13.0.0/lib/rake/task.rb:280
  [1m[35m (0.4ms)[0m  [1m[34mSELECT pg_advisory_unlock(4620665285497503375)[0m
  ↳ /Users/devinreeks/.rvm/gems/ruby-2.6.3/gems/rake-13.0.0/lib/rake/task.rb:280
  [1m[35m (0.4ms)[0m  [1m[34mSELECT "schema_migrations"."version" FROM "schema_migrations" ORDER BY "schema_migrations"."version" ASC[0m
  ↳ /Users/devinreeks/.rvm/gems/ruby-2.6.3/gems/rake-13.0.0/lib/rake/task.rb:280
Started GET "/" for ::1 at 2019-11-09 11:35:53 +1000
  [1m[35m (1.7ms)[0m  [1m[34mSELECT "schema_migrations"."version" FROM "schema_migrations" ORDER BY "schema_migrations"."version" ASC[0m
  ↳ /Users/devinreeks/.rvm/gems/ruby-2.6.3/gems/web-console-3.7.0/lib/web_console/middleware.rb:135
Processing by Rails::WelcomeController#index as HTML
  Rendering /Users/devinreeks/.rvm/rubies/ruby-2.6.3/lib/ruby/gems/2.6.0/gems/railties-5.2.3/lib/rails/templates/rails/welcome/index.html.erb
  Rendered /Users/devinreeks/.rvm/rubies/ruby-2.6.3/lib/ruby/gems/2.6.0/gems/railties-5.2.3/lib/rails/templates/rails/welcome/index.html.erb (4.6ms)
Completed 200 OK in 34ms (Views: 26.7ms | ActiveRecord: 0.0ms)


Started GET "/new" for ::1 at 2019-11-09 11:36:22 +1000
  
ActionController::RoutingError (No route matches [GET] "/new"):
  
actionpack (5.2.3) lib/action_dispatch/middleware/debug_exceptions.rb:65:in `call'
web-console (3.7.0) lib/web_console/middleware.rb:135:in `call_app'
web-console (3.7.0) lib/web_console/middleware.rb:30:in `block in call'
web-console (3.7.0) lib/web_console/middleware.rb:20:in `catch'
web-console (3.7.0) lib/web_console/middleware.rb:20:in `call'
actionpack (5.2.3) lib/action_dispatch/middleware/show_exceptions.rb:33:in `call'
railties (5.2.3) lib/rails/rack/logger.rb:38:in `call_app'
railties (5.2.3) lib/rails/rack/logger.rb:26:in `block in call'
activesupport (5.2.3) lib/active_support/tagged_logging.rb:71:in `block in tagged'
activesupport (5.2.3) lib/active_support/tagged_logging.rb:28:in `tagged'
activesupport (5.2.3) lib/active_support/tagged_logging.rb:71:in `tagged'
railties (5.2.3) lib/rails/rack/logger.rb:26:in `call'
sprockets-rails (3.2.1) lib/sprockets/rails/quiet_assets.rb:13:in `call'
actionpack (5.2.3) lib/action_dispatch/middleware/remote_ip.rb:81:in `call'
actionpack (5.2.3) lib/action_dispatch/middleware/request_id.rb:27:in `call'
rack (2.0.7) lib/rack/method_override.rb:22:in `call'
rack (2.0.7) lib/rack/runtime.rb:22:in `call'
activesupport (5.2.3) lib/active_support/cache/strategy/local_cache_middleware.rb:29:in `call'
actionpack (5.2.3) lib/action_dispatch/middleware/executor.rb:14:in `call'
actionpack (5.2.3) lib/action_dispatch/middleware/static.rb:127:in `call'
rack (2.0.7) lib/rack/sendfile.rb:111:in `call'
railties (5.2.3) lib/rails/engine.rb:524:in `call'
puma (3.12.1) lib/puma/configuration.rb:227:in `call'
puma (3.12.1) lib/puma/server.rb:660:in `handle_request'
puma (3.12.1) lib/puma/server.rb:474:in `process_client'
puma (3.12.1) lib/puma/server.rb:334:in `block in run'
puma (3.12.1) lib/puma/thread_pool.rb:135:in `block in spawn_thread'
Started GET "/jobposts/new" for ::1 at 2019-11-09 11:36:34 +1000
Processing by JobpostsController#new as HTML
  Rendering jobposts/new.html.erb within layouts/application
  Rendered jobposts/_form.html.erb (97.1ms)
  Rendered jobposts/new.html.erb within layouts/application (99.9ms)
Completed 200 OK in 1387ms (Views: 1356.6ms | ActiveRecord: 11.7ms)


Started POST "/jobposts" for ::1 at 2019-11-09 11:37:21 +1000
Processing by JobpostsController#create as HTML
  Parameters: {"utf8"=>"✓", "authenticity_token"=>"awEMNUY4K1T93jNth8e1n7PYvPocDe0uHF+MLAU/SrMlGRv0NF4ESK4/fs7KMZWflfkw9AD8joHWHxbSjeiO5w==", "jobpost"=>{"title"=>"Wine and Tobacco app", "description"=>"A client would like to continue makign this", "jobtype"=>"1", "user_id"=>"1"}, "commit"=>"Create Jobpost"}
Completed 500 Internal Server Error in 2ms (ActiveRecord: 0.0ms)


  
ActiveModel::UnknownAttributeError (unknown attribute 'user_id' for Jobpost.):
  
app/controllers/jobposts_controller.rb:27:in `create'
Started GET "/" for ::1 at 2019-11-09 11:42:51 +1000
  [1m[35m (3.4ms)[0m  [1m[34mSELECT "schema_migrations"."version" FROM "schema_migrations" ORDER BY "schema_migrations"."version" ASC[0m
  ↳ /Users/devinreeks/.rvm/gems/ruby-2.6.3/gems/web-console-3.7.0/lib/web_console/middleware.rb:135
Processing by JobpostsController#new as HTML
  Rendering jobposts/new.html.erb within layouts/application
  Rendered jobposts/_form.html.erb (52.8ms)
  Rendered jobposts/new.html.erb within layouts/application (57.7ms)
Completed 200 OK in 492ms (Views: 451.7ms | ActiveRecord: 7.2ms)


Started POST "/jobposts" for ::1 at 2019-11-09 11:44:40 +1000
Processing by JobpostsController#create as HTML
  Parameters: {"utf8"=>"✓", "authenticity_token"=>"apMbZnNFzgLDzZkDOMErkoXGdwLjk7RT3v1D7PAvO1MkiwynASPhHpAs1KB1NwuSo+f7DP9i1/wUvdkSePj/Bw==", "jobpost"=>{"title"=>"website css templates - halloween themed!", "description"=>"Create an ecommerce store selling halloween gear!", "jobtype"=>"1", "user_id"=>"1"}, "commit"=>"Create Jobpost"}
Completed 500 Internal Server Error in 11ms (ActiveRecord: 0.0ms)


  
ActiveModel::UnknownAttributeError (unknown attribute 'user_id' for Jobpost.):
  
app/controllers/jobposts_controller.rb:27:in `create'
Started GET "/" for ::1 at 2019-11-09 11:48:50 +1000
Processing by JobpostsController#new as HTML
  Rendering jobposts/new.html.erb within layouts/application
  Rendered jobposts/_form.html.erb (4.9ms)
  Rendered jobposts/new.html.erb within layouts/application (15.2ms)
Completed 200 OK in 96ms (Views: 60.0ms | ActiveRecord: 10.9ms)


Started GET "/" for ::1 at 2019-11-09 11:49:14 +1000
Processing by JobpostsController#index as HTML
  Rendering jobposts/index.html.erb within layouts/application
  [1m[36mJobpost Load (91.8ms)[0m  [1m[34mSELECT "jobposts".* FROM "jobposts"[0m
  ↳ app/views/jobposts/index.html.erb:17
  Rendered jobposts/index.html.erb within layouts/application (123.5ms)
Completed 200 OK in 179ms (Views: 39.3ms | ActiveRecord: 115.0ms)


  [1m[35m (0.3ms)[0m  [1m[34mSELECT pg_try_advisory_lock(4620665285497503375)[0m
  ↳ /Users/devinreeks/.rvm/gems/ruby-2.6.3/gems/rake-13.0.0/lib/rake/task.rb:280
  [1m[35m (2.5ms)[0m  [1m[34mSELECT "schema_migrations"."version" FROM "schema_migrations" ORDER BY "schema_migrations"."version" ASC[0m
  ↳ /Users/devinreeks/.rvm/gems/ruby-2.6.3/gems/rake-13.0.0/lib/rake/task.rb:280
Migrating to DeviseCreateUsers (20191109015258)
  [1m[35m (0.3ms)[0m  [1m[35mBEGIN[0m
  ↳ /Users/devinreeks/.rvm/gems/ruby-2.6.3/gems/rake-13.0.0/lib/rake/task.rb:280
  [1m[35m (76.4ms)[0m  [1m[35mCREATE TABLE "users" ("id" bigserial primary key, "email" character varying DEFAULT '' NOT NULL, "encrypted_password" character varying DEFAULT '' NOT NULL, "reset_password_token" character varying, "reset_password_sent_at" timestamp, "remember_created_at" timestamp, "created_at" timestamp NOT NULL, "updated_at" timestamp NOT NULL)[0m
  ↳ db/migrate/20191109015258_devise_create_users.rb:5
  [1m[35m (3.9ms)[0m  [1m[35mCREATE UNIQUE INDEX  "index_users_on_email" ON "users"  ("email")[0m
  ↳ db/migrate/20191109015258_devise_create_users.rb:39
  [1m[35m (2.3ms)[0m  [1m[35mCREATE UNIQUE INDEX  "index_users_on_reset_password_token" ON "users"  ("reset_password_token")[0m
  ↳ db/migrate/20191109015258_devise_create_users.rb:40
  [1m[36mActiveRecord::SchemaMigration Create (1.1ms)[0m  [1m[32mINSERT INTO "schema_migrations" ("version") VALUES ($1) RETURNING "version"[0m  [["version", "20191109015258"]]
  ↳ /Users/devinreeks/.rvm/gems/ruby-2.6.3/gems/rake-13.0.0/lib/rake/task.rb:280
  [1m[35m (1.4ms)[0m  [1m[35mCOMMIT[0m
  ↳ /Users/devinreeks/.rvm/gems/ruby-2.6.3/gems/rake-13.0.0/lib/rake/task.rb:280
  [1m[36mActiveRecord::InternalMetadata Load (5.1ms)[0m  [1m[34mSELECT  "ar_internal_metadata".* FROM "ar_internal_metadata" WHERE "ar_internal_metadata"."key" = $1 LIMIT $2[0m  [["key", "environment"], ["LIMIT", 1]]
  ↳ /Users/devinreeks/.rvm/gems/ruby-2.6.3/gems/rake-13.0.0/lib/rake/task.rb:280
  [1m[35m (0.3ms)[0m  [1m[35mBEGIN[0m
  ↳ /Users/devinreeks/.rvm/gems/ruby-2.6.3/gems/rake-13.0.0/lib/rake/task.rb:280
  [1m[35m (0.3ms)[0m  [1m[35mCOMMIT[0m
  ↳ /Users/devinreeks/.rvm/gems/ruby-2.6.3/gems/rake-13.0.0/lib/rake/task.rb:280
  [1m[35m (0.4ms)[0m  [1m[34mSELECT pg_advisory_unlock(4620665285497503375)[0m
  ↳ /Users/devinreeks/.rvm/gems/ruby-2.6.3/gems/rake-13.0.0/lib/rake/task.rb:280
  [1m[35m (0.3ms)[0m  [1m[34mSELECT "schema_migrations"."version" FROM "schema_migrations" ORDER BY "schema_migrations"."version" ASC[0m
  ↳ /Users/devinreeks/.rvm/gems/ruby-2.6.3/gems/rake-13.0.0/lib/rake/task.rb:280
Started GET "/" for ::1 at 2019-11-09 11:57:02 +1000
  [1m[35m (1.3ms)[0m  [1m[34mSELECT "schema_migrations"."version" FROM "schema_migrations" ORDER BY "schema_migrations"."version" ASC[0m
  ↳ /Users/devinreeks/.rvm/gems/ruby-2.6.3/gems/web-console-3.7.0/lib/web_console/middleware.rb:135
Processing by JobpostsController#index as HTML
  Rendering jobposts/index.html.erb within layouts/application
  [1m[36mJobpost Load (1.4ms)[0m  [1m[34mSELECT "jobposts".* FROM "jobposts"[0m
  ↳ app/views/jobposts/index.html.erb:17
  Rendered jobposts/index.html.erb within layouts/application (41.8ms)
Completed 200 OK in 482ms (Views: 460.3ms | ActiveRecord: 2.7ms)


Started GET "/users/sign_up" for ::1 at 2019-11-09 12:00:28 +1000
Processing by Devise::RegistrationsController#new as HTML
  Rendering devise/registrations/new.html.erb within layouts/application
  Rendered devise/shared/_error_messages.html.erb (0.9ms)
  Rendered devise/shared/_links.html.erb (2.5ms)
  Rendered devise/registrations/new.html.erb within layouts/application (77.2ms)
Completed 200 OK in 258ms (Views: 220.6ms | ActiveRecord: 13.5ms)


Started POST "/users" for ::1 at 2019-11-09 12:01:21 +1000
Processing by Devise::RegistrationsController#create as HTML
  Parameters: {"utf8"=>"✓", "authenticity_token"=>"yC2nbnPLUAIVMhddfC0J2lRZ3UkOUvuCyTTK62i1nbuGNbCvAa1/HkbTWv4x2ynacnhRRxKjmC0DdFAV4GJZ7w==", "user"=>{"email"=>"devinwreeks@gmail.com", "password"=>"[FILTERED]", "password_confirmation"=>"[FILTERED]"}, "commit"=>"Sign up"}
  [1m[35m (0.6ms)[0m  [1m[35mBEGIN[0m
  ↳ /Users/devinreeks/.rvm/gems/ruby-2.6.3/gems/devise-4.7.1/app/controllers/devise/registrations_controller.rb:19
  [1m[36mUser Exists (39.3ms)[0m  [1m[34mSELECT  1 AS one FROM "users" WHERE "users"."email" = $1 LIMIT $2[0m  [["email", "devinwreeks@gmail.com"], ["LIMIT", 1]]
  ↳ /Users/devinreeks/.rvm/gems/ruby-2.6.3/gems/devise-4.7.1/app/controllers/devise/registrations_controller.rb:19
  [1m[36mUser Create (27.7ms)[0m  [1m[32mINSERT INTO "users" ("email", "encrypted_password", "created_at", "updated_at") VALUES ($1, $2, $3, $4) RETURNING "id"[0m  [["email", "devinwreeks@gmail.com"], ["encrypted_password", "$2a$11$B.Psg9v7u2oGtzffFLpy3.sJ5PYGgnmqPt3zFlbWKo0r582njLkrm"], ["created_at", "2019-11-09 02:01:21.676533"], ["updated_at", "2019-11-09 02:01:21.676533"]]
  ↳ /Users/devinreeks/.rvm/gems/ruby-2.6.3/gems/devise-4.7.1/app/controllers/devise/registrations_controller.rb:19
  [1m[35m (4.3ms)[0m  [1m[35mCOMMIT[0m
  ↳ /Users/devinreeks/.rvm/gems/ruby-2.6.3/gems/devise-4.7.1/app/controllers/devise/registrations_controller.rb:19
Redirected to http://localhost:3000/
Completed 302 Found in 336ms (ActiveRecord: 71.9ms)


Started GET "/" for ::1 at 2019-11-09 12:01:21 +1000
Processing by JobpostsController#index as HTML
  Rendering jobposts/index.html.erb within layouts/application
  [1m[36mJobpost Load (0.5ms)[0m  [1m[34mSELECT "jobposts".* FROM "jobposts"[0m
  ↳ app/views/jobposts/index.html.erb:17
  Rendered jobposts/index.html.erb within layouts/application (6.8ms)
Completed 200 OK in 109ms (Views: 105.7ms | ActiveRecord: 0.5ms)


  [1m[36mUser Load (1.1ms)[0m  [1m[34mSELECT  "users".* FROM "users" LIMIT $1[0m  [["LIMIT", 11]]
Started GET "/webcodes" for ::1 at 2019-11-09 12:06:01 +1000
  [1m[35m (3.5ms)[0m  [1m[34mSELECT "schema_migrations"."version" FROM "schema_migrations" ORDER BY "schema_migrations"."version" ASC[0m
  ↳ /Users/devinreeks/.rvm/gems/ruby-2.6.3/gems/web-console-3.7.0/lib/web_console/middleware.rb:135
  
ActionController::RoutingError (No route matches [GET] "/webcodes"):
  
actionpack (5.2.3) lib/action_dispatch/middleware/debug_exceptions.rb:65:in `call'
web-console (3.7.0) lib/web_console/middleware.rb:135:in `call_app'
web-console (3.7.0) lib/web_console/middleware.rb:30:in `block in call'
web-console (3.7.0) lib/web_console/middleware.rb:20:in `catch'
web-console (3.7.0) lib/web_console/middleware.rb:20:in `call'
actionpack (5.2.3) lib/action_dispatch/middleware/show_exceptions.rb:33:in `call'
railties (5.2.3) lib/rails/rack/logger.rb:38:in `call_app'
railties (5.2.3) lib/rails/rack/logger.rb:26:in `block in call'
activesupport (5.2.3) lib/active_support/tagged_logging.rb:71:in `block in tagged'
activesupport (5.2.3) lib/active_support/tagged_logging.rb:28:in `tagged'
activesupport (5.2.3) lib/active_support/tagged_logging.rb:71:in `tagged'
railties (5.2.3) lib/rails/rack/logger.rb:26:in `call'
sprockets-rails (3.2.1) lib/sprockets/rails/quiet_assets.rb:13:in `call'
actionpack (5.2.3) lib/action_dispatch/middleware/remote_ip.rb:81:in `call'
actionpack (5.2.3) lib/action_dispatch/middleware/request_id.rb:27:in `call'
rack (2.0.7) lib/rack/method_override.rb:22:in `call'
rack (2.0.7) lib/rack/runtime.rb:22:in `call'
activesupport (5.2.3) lib/active_support/cache/strategy/local_cache_middleware.rb:29:in `call'
actionpack (5.2.3) lib/action_dispatch/middleware/executor.rb:14:in `call'
actionpack (5.2.3) lib/action_dispatch/middleware/static.rb:127:in `call'
rack (2.0.7) lib/rack/sendfile.rb:111:in `call'
railties (5.2.3) lib/rails/engine.rb:524:in `call'
puma (3.12.1) lib/puma/configuration.rb:227:in `call'
puma (3.12.1) lib/puma/server.rb:660:in `handle_request'
puma (3.12.1) lib/puma/server.rb:474:in `process_client'
puma (3.12.1) lib/puma/server.rb:334:in `block in run'
puma (3.12.1) lib/puma/thread_pool.rb:135:in `block in spawn_thread'
Started GET "/" for ::1 at 2019-11-09 12:06:06 +1000
Processing by JobpostsController#index as HTML
  Rendering jobposts/index.html.erb within layouts/application
  [1m[36mJobpost Load (2.9ms)[0m  [1m[34mSELECT "jobposts".* FROM "jobposts"[0m
  ↳ app/views/jobposts/index.html.erb:17
  Rendered jobposts/index.html.erb within layouts/application (8.0ms)
  [1m[36mUser Load (4.9ms)[0m  [1m[34mSELECT  "users".* FROM "users" WHERE "users"."id" = $1 ORDER BY "users"."id" ASC LIMIT $2[0m  [["id", 1], ["LIMIT", 1]]
  ↳ /Users/devinreeks/.rvm/gems/ruby-2.6.3/gems/orm_adapter-0.5.0/lib/orm_adapter/adapters/active_record.rb:17
Completed 200 OK in 577ms (Views: 541.2ms | ActiveRecord: 17.7ms)


Started GET "/jobposts/new" for ::1 at 2019-11-09 12:06:12 +1000
Processing by JobpostsController#new as HTML
  Rendering jobposts/new.html.erb within layouts/application
  Rendered jobposts/_form.html.erb (24.3ms)
  Rendered jobposts/new.html.erb within layouts/application (26.8ms)
  [1m[36mUser Load (0.4ms)[0m  [1m[34mSELECT  "users".* FROM "users" WHERE "users"."id" = $1 ORDER BY "users"."id" ASC LIMIT $2[0m  [["id", 1], ["LIMIT", 1]]
  ↳ /Users/devinreeks/.rvm/gems/ruby-2.6.3/gems/orm_adapter-0.5.0/lib/orm_adapter/adapters/active_record.rb:17
Completed 200 OK in 69ms (Views: 48.3ms | ActiveRecord: 10.4ms)


Started GET "/jobposts/new" for ::1 at 2019-11-09 12:10:49 +1000
Processing by JobpostsController#new as HTML
  Rendering jobposts/new.html.erb within layouts/application
  Rendered jobposts/_form.html.erb (18.3ms)
  Rendered jobposts/new.html.erb within layouts/application (23.0ms)
  [1m[36mUser Load (0.9ms)[0m  [1m[34mSELECT  "users".* FROM "users" WHERE "users"."id" = $1 ORDER BY "users"."id" ASC LIMIT $2[0m  [["id", 1], ["LIMIT", 1]]
  ↳ /Users/devinreeks/.rvm/gems/ruby-2.6.3/gems/orm_adapter-0.5.0/lib/orm_adapter/adapters/active_record.rb:17
Completed 200 OK in 278ms (Views: 262.7ms | ActiveRecord: 0.9ms)


Started GET "/" for ::1 at 2019-11-09 12:10:53 +1000
Processing by JobpostsController#index as HTML
  Rendering jobposts/index.html.erb within layouts/application
  [1m[36mJobpost Load (11.4ms)[0m  [1m[34mSELECT "jobposts".* FROM "jobposts"[0m
  ↳ app/views/jobposts/index.html.erb:17
  Rendered jobposts/index.html.erb within layouts/application (15.7ms)
  [1m[36mUser Load (4.8ms)[0m  [1m[34mSELECT  "users".* FROM "users" WHERE "users"."id" = $1 ORDER BY "users"."id" ASC LIMIT $2[0m  [["id", 1], ["LIMIT", 1]]
  ↳ /Users/devinreeks/.rvm/gems/ruby-2.6.3/gems/orm_adapter-0.5.0/lib/orm_adapter/adapters/active_record.rb:17
Completed 200 OK in 56ms (Views: 34.5ms | ActiveRecord: 16.2ms)


Started GET "/" for ::1 at 2019-11-09 12:11:01 +1000
Processing by JobpostsController#index as HTML
  Rendering jobposts/index.html.erb within layouts/application
  [1m[36mJobpost Load (0.6ms)[0m  [1m[34mSELECT "jobposts".* FROM "jobposts"[0m
  ↳ app/views/jobposts/index.html.erb:17
  Rendered jobposts/index.html.erb within layouts/application (2.2ms)
Completed 200 OK in 31ms (Views: 29.4ms | ActiveRecord: 0.6ms)


Started GET "/" for ::1 at 2019-11-09 12:11:02 +1000
Processing by JobpostsController#index as HTML
  Rendering jobposts/index.html.erb within layouts/application
  [1m[36mJobpost Load (0.4ms)[0m  [1m[34mSELECT "jobposts".* FROM "jobposts"[0m
  ↳ app/views/jobposts/index.html.erb:17
  Rendered jobposts/index.html.erb within layouts/application (2.1ms)
Completed 200 OK in 143ms (Views: 139.0ms | ActiveRecord: 0.4ms)


Started GET "/users/sign_in" for ::1 at 2019-11-09 12:11:08 +1000
Processing by Devise::SessionsController#new as HTML
  Rendering devise/sessions/new.html.erb within layouts/application
  Rendered devise/shared/_links.html.erb (7.1ms)
  Rendered devise/sessions/new.html.erb within layouts/application (38.5ms)
Completed 200 OK in 101ms (Views: 82.8ms | ActiveRecord: 0.0ms)


Started POST "/users/sign_in" for ::1 at 2019-11-09 12:11:14 +1000
Processing by Devise::SessionsController#create as HTML
  Parameters: {"utf8"=>"✓", "authenticity_token"=>"UXDylDvNEAQR+W/3x/QEjb7KKzV+VsmDDH2wyTEkLJX++UXK4xQdDoO+g3q/ZyUK5GS38MHfJ75TPQvrES8qjA==", "user"=>{"email"=>"devinwreeks@gmail.com", "password"=>"[FILTERED]", "remember_me"=>"0"}, "commit"=>"Log in"}
  [1m[36mUser Load (9.4ms)[0m  [1m[34mSELECT  "users".* FROM "users" WHERE "users"."email" = $1 ORDER BY "users"."id" ASC LIMIT $2[0m  [["email", "devinwreeks@gmail.com"], ["LIMIT", 1]]
  ↳ /Users/devinreeks/.rvm/gems/ruby-2.6.3/gems/orm_adapter-0.5.0/lib/orm_adapter/adapters/active_record.rb:22
Redirected to http://localhost:3000/
Completed 302 Found in 226ms (ActiveRecord: 9.4ms)


Started GET "/" for ::1 at 2019-11-09 12:11:14 +1000
Processing by JobpostsController#index as HTML
  Rendering jobposts/index.html.erb within layouts/application
  [1m[36mJobpost Load (0.5ms)[0m  [1m[34mSELECT "jobposts".* FROM "jobposts"[0m
  ↳ app/views/jobposts/index.html.erb:17
  Rendered jobposts/index.html.erb within layouts/application (2.2ms)
  [1m[36mUser Load (0.4ms)[0m  [1m[34mSELECT  "users".* FROM "users" WHERE "users"."id" = $1 ORDER BY "users"."id" ASC LIMIT $2[0m  [["id", 1], ["LIMIT", 1]]
  ↳ /Users/devinreeks/.rvm/gems/ruby-2.6.3/gems/orm_adapter-0.5.0/lib/orm_adapter/adapters/active_record.rb:17
Completed 200 OK in 42ms (Views: 39.1ms | ActiveRecord: 0.9ms)


Started GET "/jobposts/new" for ::1 at 2019-11-09 12:12:21 +1000
Processing by JobpostsController#new as HTML
  Rendering jobposts/new.html.erb within layouts/application
  Rendered jobposts/_form.html.erb (19.5ms)
  Rendered jobposts/new.html.erb within layouts/application (25.6ms)
  [1m[36mUser Load (0.5ms)[0m  [1m[34mSELECT  "users".* FROM "users" WHERE "users"."id" = $1 ORDER BY "users"."id" ASC LIMIT $2[0m  [["id", 1], ["LIMIT", 1]]
  ↳ /Users/devinreeks/.rvm/gems/ruby-2.6.3/gems/orm_adapter-0.5.0/lib/orm_adapter/adapters/active_record.rb:17
Completed 200 OK in 116ms (Views: 105.8ms | ActiveRecord: 0.5ms)


Started GET "/" for ::1 at 2019-11-09 12:13:27 +1000
Processing by JobpostsController#index as HTML
  Rendering jobposts/index.html.erb within layouts/application
  [1m[36mJobpost Load (0.7ms)[0m  [1m[34mSELECT "jobposts".* FROM "jobposts"[0m
  ↳ app/views/jobposts/index.html.erb:17
  Rendered jobposts/index.html.erb within layouts/application (16.0ms)
  [1m[36mUser Load (0.7ms)[0m  [1m[34mSELECT  "users".* FROM "users" WHERE "users"."id" = $1 ORDER BY "users"."id" ASC LIMIT $2[0m  [["id", 1], ["LIMIT", 1]]
  ↳ /Users/devinreeks/.rvm/gems/ruby-2.6.3/gems/orm_adapter-0.5.0/lib/orm_adapter/adapters/active_record.rb:17
Completed 200 OK in 160ms (Views: 146.3ms | ActiveRecord: 1.4ms)


Started GET "/" for ::1 at 2019-11-09 12:16:59 +1000
Processing by JobpostsController#index as HTML
  [1m[36mUser Load (0.4ms)[0m  [1m[34mSELECT  "users".* FROM "users" WHERE "users"."id" = $1 ORDER BY "users"."id" ASC LIMIT $2[0m  [["id", 1], ["LIMIT", 1]]
  ↳ /Users/devinreeks/.rvm/gems/ruby-2.6.3/gems/orm_adapter-0.5.0/lib/orm_adapter/adapters/active_record.rb:17
  Rendering jobposts/index.html.erb within layouts/application
  [1m[36mJobpost Load (0.4ms)[0m  [1m[34mSELECT "jobposts".* FROM "jobposts"[0m
  ↳ app/views/jobposts/index.html.erb:17
  Rendered jobposts/index.html.erb within layouts/application (3.7ms)
Completed 200 OK in 328ms (Views: 66.5ms | ActiveRecord: 22.5ms)


Started GET "/" for ::1 at 2019-11-09 12:17:15 +1000
Processing by JobpostsController#index as HTML
Completed 401 Unauthorized in 8ms (ActiveRecord: 0.0ms)


Started GET "/users/sign_in" for ::1 at 2019-11-09 12:17:15 +1000
Processing by Devise::SessionsController#new as HTML
  Rendering devise/sessions/new.html.erb within layouts/application
  Rendered devise/shared/_links.html.erb (3.7ms)
  Rendered devise/sessions/new.html.erb within layouts/application (21.0ms)
Completed 200 OK in 101ms (Views: 88.6ms | ActiveRecord: 0.0ms)


Started POST "/users/sign_in" for ::1 at 2019-11-09 12:18:47 +1000
Processing by Devise::SessionsController#create as HTML
  Parameters: {"utf8"=>"✓", "authenticity_token"=>"zOoBWRueHLirAUFJA31qErq7qy8nXUW4l6rOl7tt10yqPz2qaRyuw40CoZKsEltZuL6EP48GB2ZGVXW0gxhDaw==", "user"=>{"email"=>"", "password"=>"[FILTERED]", "remember_me"=>"0"}, "commit"=>"Log in"}
Completed 401 Unauthorized in 12ms (ActiveRecord: 0.0ms)


Processing by Devise::SessionsController#new as HTML
  Parameters: {"utf8"=>"✓", "authenticity_token"=>"zOoBWRueHLirAUFJA31qErq7qy8nXUW4l6rOl7tt10yqPz2qaRyuw40CoZKsEltZuL6EP48GB2ZGVXW0gxhDaw==", "user"=>{"email"=>"", "password"=>"[FILTERED]", "remember_me"=>"0"}, "commit"=>"Log in"}
  Rendering devise/sessions/new.html.erb within layouts/application
  Rendered devise/shared/_links.html.erb (4.7ms)
  Rendered devise/sessions/new.html.erb within layouts/application (23.4ms)
Completed 200 OK in 241ms (Views: 229.5ms | ActiveRecord: 0.0ms)


Started POST "/users/sign_in" for ::1 at 2019-11-09 12:18:50 +1000
Processing by Devise::SessionsController#create as HTML
  Parameters: {"utf8"=>"✓", "authenticity_token"=>"3QJFNChfMoexq4F8hgBCCO56YFSzPIN0a+vHvFad4h+713nHWt2A/JeoYacpb3ND7H9PRBtnwaq6FHyfbuh2OA==", "user"=>{"email"=>"", "password"=>"[FILTERED]", "remember_me"=>"0"}, "commit"=>"Log in"}
Completed 401 Unauthorized in 2ms (ActiveRecord: 0.0ms)


Processing by Devise::SessionsController#new as HTML
  Parameters: {"utf8"=>"✓", "authenticity_token"=>"3QJFNChfMoexq4F8hgBCCO56YFSzPIN0a+vHvFad4h+713nHWt2A/JeoYacpb3ND7H9PRBtnwaq6FHyfbuh2OA==", "user"=>{"email"=>"", "password"=>"[FILTERED]", "remember_me"=>"0"}, "commit"=>"Log in"}
  Rendering devise/sessions/new.html.erb within layouts/application
  Rendered devise/shared/_links.html.erb (4.5ms)
  Rendered devise/sessions/new.html.erb within layouts/application (8.2ms)
Completed 200 OK in 44ms (Views: 43.0ms | ActiveRecord: 0.0ms)


  [1m[35m (0.3ms)[0m  [1m[34mSELECT pg_try_advisory_lock(4620665285497503375)[0m
  ↳ /Users/devinreeks/.rvm/gems/ruby-2.6.3/gems/rake-13.0.0/lib/rake/task.rb:280
  [1m[35m (3.1ms)[0m  [1m[34mSELECT "schema_migrations"."version" FROM "schema_migrations" ORDER BY "schema_migrations"."version" ASC[0m
  ↳ /Users/devinreeks/.rvm/gems/ruby-2.6.3/gems/rake-13.0.0/lib/rake/task.rb:280
Migrating to AddUserToJobPost (20191109022034)
  [1m[35m (0.2ms)[0m  [1m[35mBEGIN[0m
  ↳ /Users/devinreeks/.rvm/gems/ruby-2.6.3/gems/rake-13.0.0/lib/rake/task.rb:280
  [1m[35m (12.0ms)[0m  [1m[35mALTER TABLE "job_posts" ADD "user_id" bigint[0m
  ↳ db/migrate/20191109022034_add_user_to_job_post.rb:3
  [1m[35m (0.3ms)[0m  [1m[31mROLLBACK[0m
  ↳ /Users/devinreeks/.rvm/gems/ruby-2.6.3/gems/rake-13.0.0/lib/rake/task.rb:280
  [1m[35m (0.4ms)[0m  [1m[34mSELECT pg_advisory_unlock(4620665285497503375)[0m
  ↳ /Users/devinreeks/.rvm/gems/ruby-2.6.3/gems/rake-13.0.0/lib/rake/task.rb:280
  [1m[35m (0.6ms)[0m  [1m[34mSELECT pg_try_advisory_lock(4620665285497503375)[0m
  ↳ /Users/devinreeks/.rvm/gems/ruby-2.6.3/gems/rake-13.0.0/lib/rake/task.rb:280
  [1m[35m (2.2ms)[0m  [1m[34mSELECT "schema_migrations"."version" FROM "schema_migrations" ORDER BY "schema_migrations"."version" ASC[0m
  ↳ /Users/devinreeks/.rvm/gems/ruby-2.6.3/gems/rake-13.0.0/lib/rake/task.rb:280
Migrating to AddUserToJobPost (20191109022034)
  [1m[35m (0.6ms)[0m  [1m[35mBEGIN[0m
  ↳ /Users/devinreeks/.rvm/gems/ruby-2.6.3/gems/rake-13.0.0/lib/rake/task.rb:280
  [1m[35m (8.2ms)[0m  [1m[35mALTER TABLE "job_posts" ADD "user_id" bigint[0m
  ↳ db/migrate/20191109022034_add_user_to_job_post.rb:3
  [1m[35m (0.2ms)[0m  [1m[31mROLLBACK[0m
  ↳ /Users/devinreeks/.rvm/gems/ruby-2.6.3/gems/rake-13.0.0/lib/rake/task.rb:280
  [1m[35m (0.2ms)[0m  [1m[34mSELECT pg_advisory_unlock(4620665285497503375)[0m
  ↳ /Users/devinreeks/.rvm/gems/ruby-2.6.3/gems/rake-13.0.0/lib/rake/task.rb:280
  [1m[35m (0.2ms)[0m  [1m[34mSELECT pg_try_advisory_lock(4620665285497503375)[0m
  ↳ /Users/devinreeks/.rvm/gems/ruby-2.6.3/gems/rake-13.0.0/lib/rake/task.rb:280
  [1m[35m (2.2ms)[0m  [1m[34mSELECT "schema_migrations"."version" FROM "schema_migrations" ORDER BY "schema_migrations"."version" ASC[0m
  ↳ /Users/devinreeks/.rvm/gems/ruby-2.6.3/gems/rake-13.0.0/lib/rake/task.rb:280
Migrating to AddUserToJobPost (20191109022034)
  [1m[35m (0.2ms)[0m  [1m[35mBEGIN[0m
  ↳ /Users/devinreeks/.rvm/gems/ruby-2.6.3/gems/rake-13.0.0/lib/rake/task.rb:280
  [1m[35m (0.9ms)[0m  [1m[35mALTER TABLE "job_posts" ADD "user_id" bigint[0m
  ↳ db/migrate/20191109022034_add_user_to_job_post.rb:3
  [1m[35m (0.1ms)[0m  [1m[31mROLLBACK[0m
  ↳ /Users/devinreeks/.rvm/gems/ruby-2.6.3/gems/rake-13.0.0/lib/rake/task.rb:280
  [1m[35m (0.2ms)[0m  [1m[34mSELECT pg_advisory_unlock(4620665285497503375)[0m
  ↳ /Users/devinreeks/.rvm/gems/ruby-2.6.3/gems/rake-13.0.0/lib/rake/task.rb:280
  [1m[35m (0.2ms)[0m  [1m[34mSELECT pg_try_advisory_lock(4620665285497503375)[0m
  ↳ /Users/devinreeks/.rvm/gems/ruby-2.6.3/gems/rake-13.0.0/lib/rake/task.rb:280
  [1m[35m (1.9ms)[0m  [1m[34mSELECT "schema_migrations"."version" FROM "schema_migrations" ORDER BY "schema_migrations"."version" ASC[0m
  ↳ /Users/devinreeks/.rvm/gems/ruby-2.6.3/gems/rake-13.0.0/lib/rake/task.rb:280
Migrating to AddUserToJobpost (20191109022557)
  [1m[35m (0.3ms)[0m  [1m[35mBEGIN[0m
  ↳ /Users/devinreeks/.rvm/gems/ruby-2.6.3/gems/rake-13.0.0/lib/rake/task.rb:280
  [1m[35m (27.9ms)[0m  [1m[35mALTER TABLE "jobposts" ADD "user_id" bigint[0m
  ↳ db/migrate/20191109022557_add_user_to_jobpost.rb:3
  [1m[35m (21.1ms)[0m  [1m[35mCREATE  INDEX  "index_jobposts_on_user_id" ON "jobposts"  ("user_id")[0m
  ↳ db/migrate/20191109022557_add_user_to_jobpost.rb:3
  [1m[35m (32.3ms)[0m  [1m[35mALTER TABLE "jobposts" ADD CONSTRAINT "fk_rails_b373f1ac16"
FOREIGN KEY ("user_id")
  REFERENCES "users" ("id")
[0m
  ↳ db/migrate/20191109022557_add_user_to_jobpost.rb:3
  [1m[36mActiveRecord::SchemaMigration Create (1.9ms)[0m  [1m[32mINSERT INTO "schema_migrations" ("version") VALUES ($1) RETURNING "version"[0m  [["version", "20191109022557"]]
  ↳ /Users/devinreeks/.rvm/gems/ruby-2.6.3/gems/rake-13.0.0/lib/rake/task.rb:280
  [1m[35m (2.2ms)[0m  [1m[35mCOMMIT[0m
  ↳ /Users/devinreeks/.rvm/gems/ruby-2.6.3/gems/rake-13.0.0/lib/rake/task.rb:280
  [1m[36mActiveRecord::InternalMetadata Load (3.8ms)[0m  [1m[34mSELECT  "ar_internal_metadata".* FROM "ar_internal_metadata" WHERE "ar_internal_metadata"."key" = $1 LIMIT $2[0m  [["key", "environment"], ["LIMIT", 1]]
  ↳ /Users/devinreeks/.rvm/gems/ruby-2.6.3/gems/rake-13.0.0/lib/rake/task.rb:280
  [1m[35m (0.4ms)[0m  [1m[35mBEGIN[0m
  ↳ /Users/devinreeks/.rvm/gems/ruby-2.6.3/gems/rake-13.0.0/lib/rake/task.rb:280
  [1m[35m (0.3ms)[0m  [1m[35mCOMMIT[0m
  ↳ /Users/devinreeks/.rvm/gems/ruby-2.6.3/gems/rake-13.0.0/lib/rake/task.rb:280
  [1m[35m (0.3ms)[0m  [1m[34mSELECT pg_advisory_unlock(4620665285497503375)[0m
  ↳ /Users/devinreeks/.rvm/gems/ruby-2.6.3/gems/rake-13.0.0/lib/rake/task.rb:280
  [1m[35m (0.4ms)[0m  [1m[34mSELECT "schema_migrations"."version" FROM "schema_migrations" ORDER BY "schema_migrations"."version" ASC[0m
  ↳ /Users/devinreeks/.rvm/gems/ruby-2.6.3/gems/rake-13.0.0/lib/rake/task.rb:280
Started GET "/users/sign_in" for ::1 at 2019-11-09 12:26:13 +1000
  [1m[35m (0.6ms)[0m  [1m[34mSELECT "schema_migrations"."version" FROM "schema_migrations" ORDER BY "schema_migrations"."version" ASC[0m
  ↳ /Users/devinreeks/.rvm/gems/ruby-2.6.3/gems/web-console-3.7.0/lib/web_console/middleware.rb:135
Processing by Devise::SessionsController#new as HTML
  Rendering devise/sessions/new.html.erb within layouts/application
  Rendered devise/shared/_links.html.erb (1.1ms)
  Rendered devise/sessions/new.html.erb within layouts/application (26.1ms)
Completed 200 OK in 507ms (Views: 489.0ms | ActiveRecord: 4.0ms)


Started GET "/" for ::1 at 2019-11-09 12:27:49 +1000
  [1m[35m (1.5ms)[0m  [1m[34mSELECT "schema_migrations"."version" FROM "schema_migrations" ORDER BY "schema_migrations"."version" ASC[0m
  ↳ /Users/devinreeks/.rvm/gems/ruby-2.6.3/gems/web-console-3.7.0/lib/web_console/middleware.rb:135
Processing by JobpostsController#index as HTML
Completed 401 Unauthorized in 9ms (ActiveRecord: 0.0ms)


Started GET "/users/sign_in" for ::1 at 2019-11-09 12:27:49 +1000
Processing by Devise::SessionsController#new as HTML
  Rendering devise/sessions/new.html.erb within layouts/application
  Rendered devise/shared/_links.html.erb (0.9ms)
  Rendered devise/sessions/new.html.erb within layouts/application (20.1ms)
Completed 200 OK in 588ms (Views: 573.8ms | ActiveRecord: 6.4ms)


Started POST "/users/sign_in" for ::1 at 2019-11-09 12:27:58 +1000
Processing by Devise::SessionsController#create as HTML
  Parameters: {"utf8"=>"✓", "authenticity_token"=>"0CQxR643ve+QFuiPeXy8KXtRsixfSqRHjYkS9VNlE0S28Q203LUPlLYVCFTWE41ieVSdPPcR5plcdqnWaxCHYw==", "user"=>{"email"=>"devinwreeks@gmail.com", "password"=>"[FILTERED]", "remember_me"=>"0"}, "commit"=>"Log in"}
  [1m[36mUser Load (22.6ms)[0m  [1m[34mSELECT  "users".* FROM "users" WHERE "users"."email" = $1 ORDER BY "users"."id" ASC LIMIT $2[0m  [["email", "devinwreeks@gmail.com"], ["LIMIT", 1]]
  ↳ /Users/devinreeks/.rvm/gems/ruby-2.6.3/gems/orm_adapter-0.5.0/lib/orm_adapter/adapters/active_record.rb:22
Redirected to http://localhost:3000/
Completed 302 Found in 187ms (ActiveRecord: 22.9ms)


Started GET "/" for ::1 at 2019-11-09 12:27:58 +1000
Processing by JobpostsController#index as HTML
  [1m[36mUser Load (0.3ms)[0m  [1m[34mSELECT  "users".* FROM "users" WHERE "users"."id" = $1 ORDER BY "users"."id" ASC LIMIT $2[0m  [["id", 1], ["LIMIT", 1]]
  ↳ /Users/devinreeks/.rvm/gems/ruby-2.6.3/gems/orm_adapter-0.5.0/lib/orm_adapter/adapters/active_record.rb:17
  Rendering jobposts/index.html.erb within layouts/application
  [1m[36mJobpost Load (5.4ms)[0m  [1m[34mSELECT "jobposts".* FROM "jobposts"[0m
  ↳ app/views/jobposts/index.html.erb:17
  Rendered jobposts/index.html.erb within layouts/application (8.4ms)
Completed 200 OK in 44ms (Views: 26.1ms | ActiveRecord: 6.8ms)


Started GET "/jobposts/new" for ::1 at 2019-11-09 12:28:00 +1000
Processing by JobpostsController#new as HTML
  [1m[36mUser Load (0.4ms)[0m  [1m[34mSELECT  "users".* FROM "users" WHERE "users"."id" = $1 ORDER BY "users"."id" ASC LIMIT $2[0m  [["id", 1], ["LIMIT", 1]]
  ↳ /Users/devinreeks/.rvm/gems/ruby-2.6.3/gems/orm_adapter-0.5.0/lib/orm_adapter/adapters/active_record.rb:17
  Rendering jobposts/new.html.erb within layouts/application
  Rendered jobposts/_form.html.erb (4.1ms)
  Rendered jobposts/new.html.erb within layouts/application (8.8ms)
Completed 200 OK in 66ms (Views: 28.5ms | ActiveRecord: 12.1ms)


Started POST "/jobposts" for ::1 at 2019-11-09 12:28:19 +1000
Processing by JobpostsController#create as HTML
  Parameters: {"utf8"=>"✓", "authenticity_token"=>"Nnn+cL2jM+2mIzfoR8iqGq/PAAtP/1o3VMfo1AlXnfm9umnv3IQuX5rn3PlhHum8GDSu7pRsVdtQB2ZvUFCY7A==", "jobpost"=>{"title"=>"Wanting to buy", "description"=>"friendship", "jobtype"=>"1", "user_id"=>"1"}, "commit"=>"Create Jobpost"}
  [1m[36mUser Load (0.4ms)[0m  [1m[34mSELECT  "users".* FROM "users" WHERE "users"."id" = $1 ORDER BY "users"."id" ASC LIMIT $2[0m  [["id", 1], ["LIMIT", 1]]
  ↳ /Users/devinreeks/.rvm/gems/ruby-2.6.3/gems/orm_adapter-0.5.0/lib/orm_adapter/adapters/active_record.rb:17
  [1m[35m (0.3ms)[0m  [1m[35mBEGIN[0m
  ↳ app/controllers/jobposts_controller.rb:31
  [1m[36mUser Load (0.3ms)[0m  [1m[34mSELECT  "users".* FROM "users" WHERE "users"."id" = $1 LIMIT $2[0m  [["id", 1], ["LIMIT", 1]]
  ↳ app/controllers/jobposts_controller.rb:31
  [1m[36mJobpost Create (10.0ms)[0m  [1m[32mINSERT INTO "jobposts" ("title", "description", "jobtype", "created_at", "updated_at", "user_id") VALUES ($1, $2, $3, $4, $5, $6) RETURNING "id"[0m  [["title", "Wanting to buy"], ["description", "friendship"], ["jobtype", true], ["created_at", "2019-11-09 02:28:19.889743"], ["updated_at", "2019-11-09 02:28:19.889743"], ["user_id", 1]]
  ↳ app/controllers/jobposts_controller.rb:31
  [1m[35m (1.0ms)[0m  [1m[35mCOMMIT[0m
  ↳ app/controllers/jobposts_controller.rb:31
Redirected to http://localhost:3000/jobposts/1
Completed 302 Found in 48ms (ActiveRecord: 11.9ms)


Started GET "/jobposts/1" for ::1 at 2019-11-09 12:28:19 +1000
Processing by JobpostsController#show as HTML
  Parameters: {"id"=>"1"}
  [1m[36mUser Load (0.3ms)[0m  [1m[34mSELECT  "users".* FROM "users" WHERE "users"."id" = $1 ORDER BY "users"."id" ASC LIMIT $2[0m  [["id", 1], ["LIMIT", 1]]
  ↳ /Users/devinreeks/.rvm/gems/ruby-2.6.3/gems/orm_adapter-0.5.0/lib/orm_adapter/adapters/active_record.rb:17
  [1m[36mJobpost Load (0.3ms)[0m  [1m[34mSELECT  "jobposts".* FROM "jobposts" WHERE "jobposts"."id" = $1 LIMIT $2[0m  [["id", 1], ["LIMIT", 1]]
  ↳ app/controllers/jobposts_controller.rb:68
  Rendering jobposts/show.html.erb within layouts/application
  [1m[36mUser Load (0.4ms)[0m  [1m[34mSELECT  "users".* FROM "users" WHERE "users"."id" = $1 LIMIT $2[0m  [["id", 1], ["LIMIT", 1]]
  ↳ app/views/jobposts/show.html.erb:20
  Rendered jobposts/show.html.erb within layouts/application (1.7ms)
Completed 200 OK in 26ms (Views: 20.5ms | ActiveRecord: 1.0ms)


Started GET "/jobposts" for ::1 at 2019-11-09 12:28:22 +1000
Processing by JobpostsController#index as HTML
  [1m[36mUser Load (0.4ms)[0m  [1m[34mSELECT  "users".* FROM "users" WHERE "users"."id" = $1 ORDER BY "users"."id" ASC LIMIT $2[0m  [["id", 1], ["LIMIT", 1]]
  ↳ /Users/devinreeks/.rvm/gems/ruby-2.6.3/gems/orm_adapter-0.5.0/lib/orm_adapter/adapters/active_record.rb:17
  Rendering jobposts/index.html.erb within layouts/application
  [1m[36mJobpost Load (1.9ms)[0m  [1m[34mSELECT "jobposts".* FROM "jobposts"[0m
  ↳ app/views/jobposts/index.html.erb:17
  [1m[36mUser Load (0.7ms)[0m  [1m[34mSELECT  "users".* FROM "users" WHERE "users"."id" = $1 LIMIT $2[0m  [["id", 1], ["LIMIT", 1]]
  ↳ app/views/jobposts/index.html.erb:22
  Rendered jobposts/index.html.erb within layouts/application (6.4ms)
Completed 200 OK in 39ms (Views: 33.3ms | ActiveRecord: 3.0ms)


Started GET "/jobposts/new" for ::1 at 2019-11-09 12:33:20 +1000
Processing by JobpostsController#new as HTML
  [1m[36mUser Load (0.5ms)[0m  [1m[34mSELECT  "users".* FROM "users" WHERE "users"."id" = $1 ORDER BY "users"."id" ASC LIMIT $2[0m  [["id", 1], ["LIMIT", 1]]
  ↳ /Users/devinreeks/.rvm/gems/ruby-2.6.3/gems/orm_adapter-0.5.0/lib/orm_adapter/adapters/active_record.rb:17
  Rendering jobposts/new.html.erb within layouts/application
  Rendered jobposts/_form.html.erb (4.9ms)
  Rendered jobposts/new.html.erb within layouts/application (15.7ms)
Completed 200 OK in 115ms (Views: 71.3ms | ActiveRecord: 12.3ms)


Started POST "/jobposts" for ::1 at 2019-11-09 12:33:32 +1000
Processing by JobpostsController#create as HTML
  Parameters: {"utf8"=>"✓", "authenticity_token"=>"pWsxuAb1hNXzWDFeW46hGP6wvxfxAAVkYHWdktnHPsUuqKYnZ9KZZ8+c2k99WOK+SUsR8iqTCohktRMpgMA70A==", "jobpost"=>{"title"=>"Devin is col", "description"=>"heehd", "jobtype"=>"1"}, "commit"=>"Create Jobpost"}
  [1m[36mUser Load (0.3ms)[0m  [1m[34mSELECT  "users".* FROM "users" WHERE "users"."id" = $1 ORDER BY "users"."id" ASC LIMIT $2[0m  [["id", 1], ["LIMIT", 1]]
  ↳ /Users/devinreeks/.rvm/gems/ruby-2.6.3/gems/orm_adapter-0.5.0/lib/orm_adapter/adapters/active_record.rb:17
  [1m[35m (0.3ms)[0m  [1m[35mBEGIN[0m
  ↳ app/controllers/jobposts_controller.rb:31
  [1m[36mJobpost Create (2.2ms)[0m  [1m[32mINSERT INTO "jobposts" ("title", "description", "jobtype", "created_at", "updated_at", "user_id") VALUES ($1, $2, $3, $4, $5, $6) RETURNING "id"[0m  [["title", "Devin is col"], ["description", "heehd"], ["jobtype", true], ["created_at", "2019-11-09 02:33:32.915743"], ["updated_at", "2019-11-09 02:33:32.915743"], ["user_id", 1]]
  ↳ app/controllers/jobposts_controller.rb:31
  [1m[35m (0.6ms)[0m  [1m[35mCOMMIT[0m
  ↳ app/controllers/jobposts_controller.rb:31
Redirected to http://localhost:3000/jobposts/2
Completed 302 Found in 13ms (ActiveRecord: 3.4ms)


Started GET "/jobposts/2" for ::1 at 2019-11-09 12:33:32 +1000
Processing by JobpostsController#show as HTML
  Parameters: {"id"=>"2"}
  [1m[36mUser Load (0.3ms)[0m  [1m[34mSELECT  "users".* FROM "users" WHERE "users"."id" = $1 ORDER BY "users"."id" ASC LIMIT $2[0m  [["id", 1], ["LIMIT", 1]]
  ↳ /Users/devinreeks/.rvm/gems/ruby-2.6.3/gems/orm_adapter-0.5.0/lib/orm_adapter/adapters/active_record.rb:17
  [1m[36mJobpost Load (0.5ms)[0m  [1m[34mSELECT  "jobposts".* FROM "jobposts" WHERE "jobposts"."id" = $1 LIMIT $2[0m  [["id", 2], ["LIMIT", 1]]
  ↳ app/controllers/jobposts_controller.rb:68
  Rendering jobposts/show.html.erb within layouts/application
  [1m[36mUser Load (0.4ms)[0m  [1m[34mSELECT  "users".* FROM "users" WHERE "users"."id" = $1 LIMIT $2[0m  [["id", 1], ["LIMIT", 1]]
  ↳ app/views/jobposts/show.html.erb:20
  Rendered jobposts/show.html.erb within layouts/application (3.0ms)
Completed 200 OK in 32ms (Views: 27.4ms | ActiveRecord: 1.2ms)


Started GET "/jobposts" for ::1 at 2019-11-09 12:33:39 +1000
Processing by JobpostsController#index as HTML
  [1m[36mUser Load (4.7ms)[0m  [1m[34mSELECT  "users".* FROM "users" WHERE "users"."id" = $1 ORDER BY "users"."id" ASC LIMIT $2[0m  [["id", 1], ["LIMIT", 1]]
  ↳ /Users/devinreeks/.rvm/gems/ruby-2.6.3/gems/orm_adapter-0.5.0/lib/orm_adapter/adapters/active_record.rb:17
  Rendering jobposts/index.html.erb within layouts/application
  [1m[36mJobpost Load (0.6ms)[0m  [1m[34mSELECT "jobposts".* FROM "jobposts"[0m
  ↳ app/views/jobposts/index.html.erb:17
  [1m[36mUser Load (0.5ms)[0m  [1m[34mSELECT  "users".* FROM "users" WHERE "users"."id" = $1 LIMIT $2[0m  [["id", 1], ["LIMIT", 1]]
  ↳ app/views/jobposts/index.html.erb:22
  [1m[36mCACHE User Load (0.0ms)[0m  [1m[34mSELECT  "users".* FROM "users" WHERE "users"."id" = $1 LIMIT $2[0m  [["id", 1], ["LIMIT", 1]]
  ↳ app/views/jobposts/index.html.erb:22
  Rendered jobposts/index.html.erb within layouts/application (5.9ms)
Completed 200 OK in 42ms (Views: 32.8ms | ActiveRecord: 5.8ms)


Started GET "/jobposts/new" for ::1 at 2019-11-09 12:33:41 +1000
Processing by JobpostsController#new as HTML
  [1m[36mUser Load (0.3ms)[0m  [1m[34mSELECT  "users".* FROM "users" WHERE "users"."id" = $1 ORDER BY "users"."id" ASC LIMIT $2[0m  [["id", 1], ["LIMIT", 1]]
  ↳ /Users/devinreeks/.rvm/gems/ruby-2.6.3/gems/orm_adapter-0.5.0/lib/orm_adapter/adapters/active_record.rb:17
  Rendering jobposts/new.html.erb within layouts/application
  Rendered jobposts/_form.html.erb (3.4ms)
  Rendered jobposts/new.html.erb within layouts/application (4.9ms)
Completed 200 OK in 40ms (Views: 35.6ms | ActiveRecord: 0.3ms)


Started POST "/jobposts" for ::1 at 2019-11-09 12:33:47 +1000
Processing by JobpostsController#create as HTML
  Parameters: {"utf8"=>"✓", "authenticity_token"=>"WHl6yoq/S2F4G67YvIgfFNzDm7JLl/1sbiku1NzAIcvTuu1V65hW00TfRcmaXlyyazg1V5AE8oBq6aBvhcck3g==", "jobpost"=>{"title"=>"Devin", "description"=>"Welcome", "jobtype"=>"0"}, "commit"=>"Create Jobpost"}
  [1m[36mUser Load (0.3ms)[0m  [1m[34mSELECT  "users".* FROM "users" WHERE "users"."id" = $1 ORDER BY "users"."id" ASC LIMIT $2[0m  [["id", 1], ["LIMIT", 1]]
  ↳ /Users/devinreeks/.rvm/gems/ruby-2.6.3/gems/orm_adapter-0.5.0/lib/orm_adapter/adapters/active_record.rb:17
  [1m[35m (0.3ms)[0m  [1m[35mBEGIN[0m
  ↳ app/controllers/jobposts_controller.rb:31
  [1m[36mJobpost Create (2.1ms)[0m  [1m[32mINSERT INTO "jobposts" ("title", "description", "jobtype", "created_at", "updated_at", "user_id") VALUES ($1, $2, $3, $4, $5, $6) RETURNING "id"[0m  [["title", "Devin"], ["description", "Welcome"], ["jobtype", false], ["created_at", "2019-11-09 02:33:47.168600"], ["updated_at", "2019-11-09 02:33:47.168600"], ["user_id", 1]]
  ↳ app/controllers/jobposts_controller.rb:31
  [1m[35m (0.4ms)[0m  [1m[35mCOMMIT[0m
  ↳ app/controllers/jobposts_controller.rb:31
Redirected to http://localhost:3000/jobposts/3
Completed 302 Found in 8ms (ActiveRecord: 3.1ms)


Started GET "/jobposts/3" for ::1 at 2019-11-09 12:33:47 +1000
Processing by JobpostsController#show as HTML
  Parameters: {"id"=>"3"}
  [1m[36mUser Load (0.3ms)[0m  [1m[34mSELECT  "users".* FROM "users" WHERE "users"."id" = $1 ORDER BY "users"."id" ASC LIMIT $2[0m  [["id", 1], ["LIMIT", 1]]
  ↳ /Users/devinreeks/.rvm/gems/ruby-2.6.3/gems/orm_adapter-0.5.0/lib/orm_adapter/adapters/active_record.rb:17
  [1m[36mJobpost Load (0.2ms)[0m  [1m[34mSELECT  "jobposts".* FROM "jobposts" WHERE "jobposts"."id" = $1 LIMIT $2[0m  [["id", 3], ["LIMIT", 1]]
  ↳ app/controllers/jobposts_controller.rb:68
  Rendering jobposts/show.html.erb within layouts/application
  [1m[36mUser Load (0.3ms)[0m  [1m[34mSELECT  "users".* FROM "users" WHERE "users"."id" = $1 LIMIT $2[0m  [["id", 1], ["LIMIT", 1]]
  ↳ app/views/jobposts/show.html.erb:20
  Rendered jobposts/show.html.erb within layouts/application (1.9ms)
Completed 200 OK in 88ms (Views: 84.6ms | ActiveRecord: 0.9ms)


Started GET "/jobposts" for ::1 at 2019-11-09 12:33:48 +1000
Processing by JobpostsController#index as HTML
  [1m[36mUser Load (0.3ms)[0m  [1m[34mSELECT  "users".* FROM "users" WHERE "users"."id" = $1 ORDER BY "users"."id" ASC LIMIT $2[0m  [["id", 1], ["LIMIT", 1]]
  ↳ /Users/devinreeks/.rvm/gems/ruby-2.6.3/gems/orm_adapter-0.5.0/lib/orm_adapter/adapters/active_record.rb:17
  Rendering jobposts/index.html.erb within layouts/application
  [1m[36mJobpost Load (0.4ms)[0m  [1m[34mSELECT "jobposts".* FROM "jobposts"[0m
  ↳ app/views/jobposts/index.html.erb:17
  [1m[36mUser Load (0.2ms)[0m  [1m[34mSELECT  "users".* FROM "users" WHERE "users"."id" = $1 LIMIT $2[0m  [["id", 1], ["LIMIT", 1]]
  ↳ app/views/jobposts/index.html.erb:22
  [1m[36mCACHE User Load (0.0ms)[0m  [1m[34mSELECT  "users".* FROM "users" WHERE "users"."id" = $1 LIMIT $2[0m  [["id", 1], ["LIMIT", 1]]
  ↳ app/views/jobposts/index.html.erb:22
  [1m[36mCACHE User Load (0.0ms)[0m  [1m[34mSELECT  "users".* FROM "users" WHERE "users"."id" = $1 LIMIT $2[0m  [["id", 1], ["LIMIT", 1]]
  ↳ app/views/jobposts/index.html.erb:22
  Rendered jobposts/index.html.erb within layouts/application (4.2ms)
Completed 200 OK in 30ms (Views: 25.8ms | ActiveRecord: 1.0ms)


Started GET "/jobposts" for ::1 at 2019-11-09 12:35:36 +1000
Processing by JobpostsController#index as HTML
  [1m[36mUser Load (1.0ms)[0m  [1m[34mSELECT  "users".* FROM "users" WHERE "users"."id" = $1 ORDER BY "users"."id" ASC LIMIT $2[0m  [["id", 1], ["LIMIT", 1]]
  ↳ /Users/devinreeks/.rvm/gems/ruby-2.6.3/gems/orm_adapter-0.5.0/lib/orm_adapter/adapters/active_record.rb:17
  Rendering jobposts/index.html.erb within layouts/application
  [1m[36mJobpost Load (1.5ms)[0m  [1m[34mSELECT "jobposts".* FROM "jobposts"[0m
  ↳ app/views/jobposts/index.html.erb:17
  [1m[36mUser Load (0.3ms)[0m  [1m[34mSELECT  "users".* FROM "users" WHERE "users"."id" = $1 LIMIT $2[0m  [["id", 1], ["LIMIT", 1]]
  ↳ app/views/jobposts/index.html.erb:22
  [1m[36mCACHE User Load (0.0ms)[0m  [1m[34mSELECT  "users".* FROM "users" WHERE "users"."id" = $1 LIMIT $2[0m  [["id", 1], ["LIMIT", 1]]
  ↳ app/views/jobposts/index.html.erb:22
  [1m[36mCACHE User Load (0.0ms)[0m  [1m[34mSELECT  "users".* FROM "users" WHERE "users"."id" = $1 LIMIT $2[0m  [["id", 1], ["LIMIT", 1]]
  ↳ app/views/jobposts/index.html.erb:22
  Rendered jobposts/index.html.erb within layouts/application (22.0ms)
Completed 200 OK in 143ms (Views: 117.2ms | ActiveRecord: 2.8ms)


Started GET "/users/sign_in" for ::1 at 2019-11-09 12:36:26 +1000
Processing by Devise::SessionsController#new as HTML
  [1m[36mUser Load (1.8ms)[0m  [1m[34mSELECT  "users".* FROM "users" WHERE "users"."id" = $1 ORDER BY "users"."id" ASC LIMIT $2[0m  [["id", 1], ["LIMIT", 1]]
  ↳ /Users/devinreeks/.rvm/gems/ruby-2.6.3/gems/orm_adapter-0.5.0/lib/orm_adapter/adapters/active_record.rb:17
Redirected to http://localhost:3000/
Filter chain halted as :require_no_authentication rendered or redirected
Completed 302 Found in 16ms (ActiveRecord: 1.8ms)


Started GET "/" for ::1 at 2019-11-09 12:36:26 +1000
Processing by JobpostsController#index as HTML
  [1m[36mUser Load (0.4ms)[0m  [1m[34mSELECT  "users".* FROM "users" WHERE "users"."id" = $1 ORDER BY "users"."id" ASC LIMIT $2[0m  [["id", 1], ["LIMIT", 1]]
  ↳ /Users/devinreeks/.rvm/gems/ruby-2.6.3/gems/orm_adapter-0.5.0/lib/orm_adapter/adapters/active_record.rb:17
  Rendering jobposts/index.html.erb within layouts/application
  [1m[36mJobpost Load (0.5ms)[0m  [1m[34mSELECT "jobposts".* FROM "jobposts"[0m
  ↳ app/views/jobposts/index.html.erb:17
  [1m[36mUser Load (1.2ms)[0m  [1m[34mSELECT  "users".* FROM "users" WHERE "users"."id" = $1 LIMIT $2[0m  [["id", 1], ["LIMIT", 1]]
  ↳ app/views/jobposts/index.html.erb:22
  [1m[36mCACHE User Load (0.0ms)[0m  [1m[34mSELECT  "users".* FROM "users" WHERE "users"."id" = $1 LIMIT $2[0m  [["id", 1], ["LIMIT", 1]]
  ↳ app/views/jobposts/index.html.erb:22
  [1m[36mCACHE User Load (0.0ms)[0m  [1m[34mSELECT  "users".* FROM "users" WHERE "users"."id" = $1 LIMIT $2[0m  [["id", 1], ["LIMIT", 1]]
  ↳ app/views/jobposts/index.html.erb:22
  Rendered jobposts/index.html.erb within layouts/application (15.0ms)
Completed 200 OK in 125ms (Views: 117.1ms | ActiveRecord: 2.1ms)


Started GET "/" for ::1 at 2019-11-09 12:36:41 +1000
Processing by JobpostsController#index as HTML
Completed 401 Unauthorized in 12ms (ActiveRecord: 0.0ms)


Started GET "/users/sign_in" for ::1 at 2019-11-09 12:36:41 +1000
Processing by Devise::SessionsController#new as HTML
  Rendering devise/sessions/new.html.erb within layouts/application
  Rendered devise/shared/_links.html.erb (3.0ms)
  Rendered devise/sessions/new.html.erb within layouts/application (22.3ms)
Completed 200 OK in 86ms (Views: 77.6ms | ActiveRecord: 0.0ms)


Started GET "/users/sign_up" for ::1 at 2019-11-09 12:36:44 +1000
Processing by Devise::RegistrationsController#new as HTML
  Rendering devise/registrations/new.html.erb within layouts/application
  Rendered devise/shared/_error_messages.html.erb (2.0ms)
  Rendered devise/shared/_links.html.erb (2.2ms)
  Rendered devise/registrations/new.html.erb within layouts/application (11.2ms)
Completed 200 OK in 52ms (Views: 51.0ms | ActiveRecord: 0.0ms)


Started POST "/users" for ::1 at 2019-11-09 12:36:56 +1000
Processing by Devise::RegistrationsController#create as HTML
  Parameters: {"utf8"=>"✓", "authenticity_token"=>"TCpsObUMsaGCQzF3JQ4Pww9bTGO6yGH3nVstaGER69XhRkaQKblqTnQMX07QBeeyXxMyiRUwWDMzmlasxh6uZQ==", "user"=>{"email"=>"admin@bar.com", "password"=>"[FILTERED]", "password_confirmation"=>"[FILTERED]"}, "commit"=>"Sign up"}
  [1m[35m (0.2ms)[0m  [1m[35mBEGIN[0m
  ↳ /Users/devinreeks/.rvm/gems/ruby-2.6.3/gems/devise-4.7.1/app/controllers/devise/registrations_controller.rb:19
  [1m[36mUser Exists (5.4ms)[0m  [1m[34mSELECT  1 AS one FROM "users" WHERE "users"."email" = $1 LIMIT $2[0m  [["email", "admin@bar.com"], ["LIMIT", 1]]
  ↳ /Users/devinreeks/.rvm/gems/ruby-2.6.3/gems/devise-4.7.1/app/controllers/devise/registrations_controller.rb:19
  [1m[36mUser Create (9.5ms)[0m  [1m[32mINSERT INTO "users" ("email", "encrypted_password", "created_at", "updated_at") VALUES ($1, $2, $3, $4) RETURNING "id"[0m  [["email", "admin@bar.com"], ["encrypted_password", "$2a$11$GxmDjqleAMkLefblZ693A.z52Gnxu0/xuLQmn0l91ihMj2aIHQ.XO"], ["created_at", "2019-11-09 02:36:57.023189"], ["updated_at", "2019-11-09 02:36:57.023189"]]
  ↳ /Users/devinreeks/.rvm/gems/ruby-2.6.3/gems/devise-4.7.1/app/controllers/devise/registrations_controller.rb:19
  [1m[35m (5.2ms)[0m  [1m[35mCOMMIT[0m
  ↳ /Users/devinreeks/.rvm/gems/ruby-2.6.3/gems/devise-4.7.1/app/controllers/devise/registrations_controller.rb:19
Redirected to http://localhost:3000/
Completed 302 Found in 148ms (ActiveRecord: 20.3ms)


Started GET "/" for ::1 at 2019-11-09 12:36:57 +1000
Processing by JobpostsController#index as HTML
  [1m[36mUser Load (1.9ms)[0m  [1m[34mSELECT  "users".* FROM "users" WHERE "users"."id" = $1 ORDER BY "users"."id" ASC LIMIT $2[0m  [["id", 2], ["LIMIT", 1]]
  ↳ /Users/devinreeks/.rvm/gems/ruby-2.6.3/gems/orm_adapter-0.5.0/lib/orm_adapter/adapters/active_record.rb:17
  Rendering jobposts/index.html.erb within layouts/application
  [1m[36mJobpost Load (0.4ms)[0m  [1m[34mSELECT "jobposts".* FROM "jobposts"[0m
  ↳ app/views/jobposts/index.html.erb:17
  [1m[36mUser Load (0.2ms)[0m  [1m[34mSELECT  "users".* FROM "users" WHERE "users"."id" = $1 LIMIT $2[0m  [["id", 1], ["LIMIT", 1]]
  ↳ app/views/jobposts/index.html.erb:22
  [1m[36mCACHE User Load (0.0ms)[0m  [1m[34mSELECT  "users".* FROM "users" WHERE "users"."id" = $1 LIMIT $2[0m  [["id", 1], ["LIMIT", 1]]
  ↳ app/views/jobposts/index.html.erb:22
  [1m[36mCACHE User Load (0.0ms)[0m  [1m[34mSELECT  "users".* FROM "users" WHERE "users"."id" = $1 LIMIT $2[0m  [["id", 1], ["LIMIT", 1]]
  ↳ app/views/jobposts/index.html.erb:22
  Rendered jobposts/index.html.erb within layouts/application (3.9ms)
Completed 200 OK in 33ms (Views: 27.4ms | ActiveRecord: 2.6ms)


Started GET "/jobposts/new" for ::1 at 2019-11-09 12:36:58 +1000
Processing by JobpostsController#new as HTML
  [1m[36mUser Load (0.4ms)[0m  [1m[34mSELECT  "users".* FROM "users" WHERE "users"."id" = $1 ORDER BY "users"."id" ASC LIMIT $2[0m  [["id", 2], ["LIMIT", 1]]
  ↳ /Users/devinreeks/.rvm/gems/ruby-2.6.3/gems/orm_adapter-0.5.0/lib/orm_adapter/adapters/active_record.rb:17
  Rendering jobposts/new.html.erb within layouts/application
  Rendered jobposts/_form.html.erb (5.5ms)
  Rendered jobposts/new.html.erb within layouts/application (7.6ms)
Completed 200 OK in 45ms (Views: 38.9ms | ActiveRecord: 0.4ms)


Started POST "/jobposts" for ::1 at 2019-11-09 12:37:08 +1000
Processing by JobpostsController#create as HTML
  Parameters: {"utf8"=>"✓", "authenticity_token"=>"XLY2L6+3H1kAdQB6XyYQuV5n3eDQZ862uuVlFRJJ/7ZLp8SVn5Eu3AWpOQyRgNWVy8taOONrvMkUkgKiQtnPbA==", "jobpost"=>{"title"=>"Looking for work", "description"=>"Hey guys", "jobtype"=>"1"}, "commit"=>"Create Jobpost"}
  [1m[36mUser Load (0.5ms)[0m  [1m[34mSELECT  "users".* FROM "users" WHERE "users"."id" = $1 ORDER BY "users"."id" ASC LIMIT $2[0m  [["id", 2], ["LIMIT", 1]]
  ↳ /Users/devinreeks/.rvm/gems/ruby-2.6.3/gems/orm_adapter-0.5.0/lib/orm_adapter/adapters/active_record.rb:17
  [1m[35m (0.4ms)[0m  [1m[35mBEGIN[0m
  ↳ app/controllers/jobposts_controller.rb:31
  [1m[36mJobpost Create (0.8ms)[0m  [1m[32mINSERT INTO "jobposts" ("title", "description", "jobtype", "created_at", "updated_at", "user_id") VALUES ($1, $2, $3, $4, $5, $6) RETURNING "id"[0m  [["title", "Looking for work"], ["description", "Hey guys"], ["jobtype", true], ["created_at", "2019-11-09 02:37:08.980347"], ["updated_at", "2019-11-09 02:37:08.980347"], ["user_id", 2]]
  ↳ app/controllers/jobposts_controller.rb:31
  [1m[35m (1.0ms)[0m  [1m[35mCOMMIT[0m
  ↳ app/controllers/jobposts_controller.rb:31
Redirected to http://localhost:3000/jobposts/4
Completed 302 Found in 8ms (ActiveRecord: 2.8ms)


Started GET "/jobposts/4" for ::1 at 2019-11-09 12:37:08 +1000
Processing by JobpostsController#show as HTML
  Parameters: {"id"=>"4"}
  [1m[36mUser Load (0.3ms)[0m  [1m[34mSELECT  "users".* FROM "users" WHERE "users"."id" = $1 ORDER BY "users"."id" ASC LIMIT $2[0m  [["id", 2], ["LIMIT", 1]]
  ↳ /Users/devinreeks/.rvm/gems/ruby-2.6.3/gems/orm_adapter-0.5.0/lib/orm_adapter/adapters/active_record.rb:17
  [1m[36mJobpost Load (0.2ms)[0m  [1m[34mSELECT  "jobposts".* FROM "jobposts" WHERE "jobposts"."id" = $1 LIMIT $2[0m  [["id", 4], ["LIMIT", 1]]
  ↳ app/controllers/jobposts_controller.rb:68
  Rendering jobposts/show.html.erb within layouts/application
  [1m[36mUser Load (0.3ms)[0m  [1m[34mSELECT  "users".* FROM "users" WHERE "users"."id" = $1 LIMIT $2[0m  [["id", 2], ["LIMIT", 1]]
  ↳ app/views/jobposts/show.html.erb:20
  Rendered jobposts/show.html.erb within layouts/application (1.9ms)
Completed 200 OK in 43ms (Views: 37.7ms | ActiveRecord: 0.7ms)


Started GET "/jobposts" for ::1 at 2019-11-09 12:37:13 +1000
Processing by JobpostsController#index as HTML
  [1m[36mUser Load (7.5ms)[0m  [1m[34mSELECT  "users".* FROM "users" WHERE "users"."id" = $1 ORDER BY "users"."id" ASC LIMIT $2[0m  [["id", 2], ["LIMIT", 1]]
  ↳ /Users/devinreeks/.rvm/gems/ruby-2.6.3/gems/orm_adapter-0.5.0/lib/orm_adapter/adapters/active_record.rb:17
  Rendering jobposts/index.html.erb within layouts/application
  [1m[36mJobpost Load (0.4ms)[0m  [1m[34mSELECT "jobposts".* FROM "jobposts"[0m
  ↳ app/views/jobposts/index.html.erb:17
  [1m[36mUser Load (0.3ms)[0m  [1m[34mSELECT  "users".* FROM "users" WHERE "users"."id" = $1 LIMIT $2[0m  [["id", 1], ["LIMIT", 1]]
  ↳ app/views/jobposts/index.html.erb:22
  [1m[36mCACHE User Load (0.0ms)[0m  [1m[34mSELECT  "users".* FROM "users" WHERE "users"."id" = $1 LIMIT $2[0m  [["id", 1], ["LIMIT", 1]]
  ↳ app/views/jobposts/index.html.erb:22
  [1m[36mCACHE User Load (0.0ms)[0m  [1m[34mSELECT  "users".* FROM "users" WHERE "users"."id" = $1 LIMIT $2[0m  [["id", 1], ["LIMIT", 1]]
  ↳ app/views/jobposts/index.html.erb:22
  [1m[36mUser Load (0.3ms)[0m  [1m[34mSELECT  "users".* FROM "users" WHERE "users"."id" = $1 LIMIT $2[0m  [["id", 2], ["LIMIT", 1]]
  ↳ app/views/jobposts/index.html.erb:22
  Rendered jobposts/index.html.erb within layouts/application (7.9ms)
Completed 200 OK in 67ms (Views: 53.9ms | ActiveRecord: 8.6ms)


Started GET "/jobposts/new" for ::1 at 2019-11-09 12:37:15 +1000
Processing by JobpostsController#new as HTML
  [1m[36mUser Load (0.4ms)[0m  [1m[34mSELECT  "users".* FROM "users" WHERE "users"."id" = $1 ORDER BY "users"."id" ASC LIMIT $2[0m  [["id", 2], ["LIMIT", 1]]
  ↳ /Users/devinreeks/.rvm/gems/ruby-2.6.3/gems/orm_adapter-0.5.0/lib/orm_adapter/adapters/active_record.rb:17
  Rendering jobposts/new.html.erb within layouts/application
  Rendered jobposts/_form.html.erb (4.1ms)
  Rendered jobposts/new.html.erb within layouts/application (5.7ms)
Completed 200 OK in 65ms (Views: 59.2ms | ActiveRecord: 0.4ms)


Started GET "/jobposts/new" for ::1 at 2019-11-09 12:58:50 +1000
  [1m[35m (3.5ms)[0m  [1m[34mSELECT "schema_migrations"."version" FROM "schema_migrations" ORDER BY "schema_migrations"."version" ASC[0m
  ↳ /Users/devinreeks/.rvm/gems/ruby-2.6.3/gems/web-console-3.7.0/lib/web_console/middleware.rb:135
Processing by JobpostsController#new as HTML
Completed 401 Unauthorized in 14ms (ActiveRecord: 0.0ms)


Started GET "/users/sign_in" for ::1 at 2019-11-09 12:58:50 +1000
Processing by Devise::SessionsController#new as HTML
  Rendering devise/sessions/new.html.erb within layouts/application
  Rendered devise/shared/_links.html.erb (1.0ms)
  Rendered devise/sessions/new.html.erb within layouts/application (38.3ms)
Completed 200 OK in 640ms (Views: 594.5ms | ActiveRecord: 34.9ms)


Started GET "/" for ::1 at 2019-11-09 13:07:54 +1000
  [1m[35m (1.9ms)[0m  [1m[34mSELECT "schema_migrations"."version" FROM "schema_migrations" ORDER BY "schema_migrations"."version" ASC[0m
  ↳ /Users/devinreeks/.rvm/gems/ruby-2.6.3/gems/web-console-3.7.0/lib/web_console/middleware.rb:135
Processing by JobpostsController#index as HTML
Completed 401 Unauthorized in 20ms (ActiveRecord: 0.0ms)


Started GET "/users/sign_in" for ::1 at 2019-11-09 13:07:55 +1000
Processing by Devise::SessionsController#new as HTML
  Rendering devise/sessions/new.html.erb within layouts/application
  Rendered devise/shared/_links.html.erb (1.1ms)
  Rendered devise/sessions/new.html.erb within layouts/application (42.1ms)
Completed 200 OK in 934ms (Views: 903.5ms | ActiveRecord: 16.9ms)


Started POST "/users/sign_in" for ::1 at 2019-11-09 13:08:05 +1000
Processing by Devise::SessionsController#create as HTML
  Parameters: {"utf8"=>"✓", "authenticity_token"=>"BETznQmy9nNT5+6QXcgurorUMRfcVLab09Ue0D6jmN82htztWhawtn0Ao6fE9kmLtpoY/BR1CHGl/eqSQBjDCA==", "user"=>{"email"=>"devinwreeks@gmail.com", "password"=>"[FILTERED]", "remember_me"=>"0"}, "commit"=>"Log in"}
  [1m[36mUser Load (3.3ms)[0m  [1m[34mSELECT  "users".* FROM "users" WHERE "users"."email" = $1 ORDER BY "users"."id" ASC LIMIT $2[0m  [["email", "devinwreeks@gmail.com"], ["LIMIT", 1]]
  ↳ /Users/devinreeks/.rvm/gems/ruby-2.6.3/gems/orm_adapter-0.5.0/lib/orm_adapter/adapters/active_record.rb:22
Redirected to http://localhost:3000/
Completed 302 Found in 159ms (ActiveRecord: 3.5ms)


Started GET "/" for ::1 at 2019-11-09 13:08:06 +1000
Processing by JobpostsController#index as HTML
  [1m[36mUser Load (0.2ms)[0m  [1m[34mSELECT  "users".* FROM "users" WHERE "users"."id" = $1 ORDER BY "users"."id" ASC LIMIT $2[0m  [["id", 1], ["LIMIT", 1]]
  ↳ /Users/devinreeks/.rvm/gems/ruby-2.6.3/gems/orm_adapter-0.5.0/lib/orm_adapter/adapters/active_record.rb:17
  Rendering jobposts/index.html.erb within layouts/application
  [1m[36mJobpost Load (6.7ms)[0m  [1m[34mSELECT "jobposts".* FROM "jobposts"[0m
  ↳ app/views/jobposts/index.html.erb:17
  [1m[36mUser Load (0.3ms)[0m  [1m[34mSELECT  "users".* FROM "users" WHERE "users"."id" = $1 LIMIT $2[0m  [["id", 1], ["LIMIT", 1]]
  ↳ app/views/jobposts/index.html.erb:22
  [1m[36mCACHE User Load (0.0ms)[0m  [1m[34mSELECT  "users".* FROM "users" WHERE "users"."id" = $1 LIMIT $2[0m  [["id", 1], ["LIMIT", 1]]
  ↳ app/views/jobposts/index.html.erb:22
  [1m[36mCACHE User Load (0.0ms)[0m  [1m[34mSELECT  "users".* FROM "users" WHERE "users"."id" = $1 LIMIT $2[0m  [["id", 1], ["LIMIT", 1]]
  ↳ app/views/jobposts/index.html.erb:22
  [1m[36mUser Load (0.3ms)[0m  [1m[34mSELECT  "users".* FROM "users" WHERE "users"."id" = $1 LIMIT $2[0m  [["id", 2], ["LIMIT", 1]]
  ↳ app/views/jobposts/index.html.erb:22
  Rendered jobposts/index.html.erb within layouts/application (53.9ms)
Completed 200 OK in 117ms (Views: 87.5ms | ActiveRecord: 10.6ms)


Started GET "/jobposts/new" for ::1 at 2019-11-09 13:08:13 +1000
Processing by JobpostsController#new as HTML
  [1m[36mUser Load (0.4ms)[0m  [1m[34mSELECT  "users".* FROM "users" WHERE "users"."id" = $1 ORDER BY "users"."id" ASC LIMIT $2[0m  [["id", 1], ["LIMIT", 1]]
  ↳ /Users/devinreeks/.rvm/gems/ruby-2.6.3/gems/orm_adapter-0.5.0/lib/orm_adapter/adapters/active_record.rb:17
  Rendering jobposts/new.html.erb within layouts/application
  Rendered jobposts/_form.html.erb (4.7ms)
  Rendered jobposts/new.html.erb within layouts/application (30.6ms)
Completed 200 OK in 93ms (Views: 57.8ms | ActiveRecord: 0.4ms)


Started POST "/jobposts" for ::1 at 2019-11-09 13:08:21 +1000
Processing by JobpostsController#create as HTML
  Parameters: {"utf8"=>"✓", "authenticity_token"=>"AAUk3ymzBNKp2H4GqjbNWbTL0GhOG6vxOPhhDmlqrPr/gtLT8edwjz31MqZ+MsKE+d3an3mjV2PuLecLTCE0GQ==", "jobpost"=>{"title"=>"How", "description"=>"welcome3", "jobtype"=>"1"}, "commit"=>"Create Jobpost"}
  [1m[36mUser Load (0.5ms)[0m  [1m[34mSELECT  "users".* FROM "users" WHERE "users"."id" = $1 ORDER BY "users"."id" ASC LIMIT $2[0m  [["id", 1], ["LIMIT", 1]]
  ↳ /Users/devinreeks/.rvm/gems/ruby-2.6.3/gems/orm_adapter-0.5.0/lib/orm_adapter/adapters/active_record.rb:17
  [1m[35m (0.3ms)[0m  [1m[35mBEGIN[0m
  ↳ app/controllers/jobposts_controller.rb:31
  [1m[36mJobpost Create (5.4ms)[0m  [1m[32mINSERT INTO "jobposts" ("title", "description", "jobtype", "created_at", "updated_at", "user_id") VALUES ($1, $2, $3, $4, $5, $6) RETURNING "id"[0m  [["title", "How"], ["description", "welcome3"], ["jobtype", true], ["created_at", "2019-11-09 03:08:21.805321"], ["updated_at", "2019-11-09 03:08:21.805321"], ["user_id", 1]]
  ↳ app/controllers/jobposts_controller.rb:31
  [1m[35m (0.6ms)[0m  [1m[35mCOMMIT[0m
  ↳ app/controllers/jobposts_controller.rb:31
Redirected to http://localhost:3000/jobposts/5
Completed 302 Found in 12ms (ActiveRecord: 6.8ms)


Started GET "/jobposts/5" for ::1 at 2019-11-09 13:08:21 +1000
Processing by JobpostsController#show as HTML
  Parameters: {"id"=>"5"}
  [1m[36mUser Load (0.3ms)[0m  [1m[34mSELECT  "users".* FROM "users" WHERE "users"."id" = $1 ORDER BY "users"."id" ASC LIMIT $2[0m  [["id", 1], ["LIMIT", 1]]
  ↳ /Users/devinreeks/.rvm/gems/ruby-2.6.3/gems/orm_adapter-0.5.0/lib/orm_adapter/adapters/active_record.rb:17
  [1m[36mJobpost Load (0.2ms)[0m  [1m[34mSELECT  "jobposts".* FROM "jobposts" WHERE "jobposts"."id" = $1 LIMIT $2[0m  [["id", 5], ["LIMIT", 1]]
  ↳ app/controllers/jobposts_controller.rb:68
  Rendering jobposts/show.html.erb within layouts/application
  [1m[36mUser Load (0.4ms)[0m  [1m[34mSELECT  "users".* FROM "users" WHERE "users"."id" = $1 LIMIT $2[0m  [["id", 1], ["LIMIT", 1]]
  ↳ app/views/jobposts/show.html.erb:20
  Rendered jobposts/show.html.erb within layouts/application (2.0ms)
Completed 200 OK in 27ms (Views: 23.7ms | ActiveRecord: 0.8ms)


Started GET "/jobposts" for ::1 at 2019-11-09 13:08:25 +1000
Processing by JobpostsController#index as HTML
  [1m[36mUser Load (0.4ms)[0m  [1m[34mSELECT  "users".* FROM "users" WHERE "users"."id" = $1 ORDER BY "users"."id" ASC LIMIT $2[0m  [["id", 1], ["LIMIT", 1]]
  ↳ /Users/devinreeks/.rvm/gems/ruby-2.6.3/gems/orm_adapter-0.5.0/lib/orm_adapter/adapters/active_record.rb:17
  Rendering jobposts/index.html.erb within layouts/application
  [1m[36mJobpost Load (3.7ms)[0m  [1m[34mSELECT "jobposts".* FROM "jobposts"[0m
  ↳ app/views/jobposts/index.html.erb:17
  [1m[36mUser Load (0.6ms)[0m  [1m[34mSELECT  "users".* FROM "users" WHERE "users"."id" = $1 LIMIT $2[0m  [["id", 1], ["LIMIT", 1]]
  ↳ app/views/jobposts/index.html.erb:22
  [1m[36mCACHE User Load (0.0ms)[0m  [1m[34mSELECT  "users".* FROM "users" WHERE "users"."id" = $1 LIMIT $2[0m  [["id", 1], ["LIMIT", 1]]
  ↳ app/views/jobposts/index.html.erb:22
  [1m[36mCACHE User Load (0.0ms)[0m  [1m[34mSELECT  "users".* FROM "users" WHERE "users"."id" = $1 LIMIT $2[0m  [["id", 1], ["LIMIT", 1]]
  ↳ app/views/jobposts/index.html.erb:22
  [1m[36mUser Load (0.5ms)[0m  [1m[34mSELECT  "users".* FROM "users" WHERE "users"."id" = $1 LIMIT $2[0m  [["id", 2], ["LIMIT", 1]]
  ↳ app/views/jobposts/index.html.erb:22
  [1m[36mCACHE User Load (0.0ms)[0m  [1m[34mSELECT  "users".* FROM "users" WHERE "users"."id" = $1 LIMIT $2[0m  [["id", 1], ["LIMIT", 1]]
  ↳ app/views/jobposts/index.html.erb:22
  Rendered jobposts/index.html.erb within layouts/application (13.5ms)
Completed 200 OK in 42ms (Views: 34.0ms | ActiveRecord: 5.3ms)


Started GET "/" for ::1 at 2019-11-09 13:13:57 +1000
Processing by JobpostsController#index as HTML
Completed 401 Unauthorized in 269ms (ActiveRecord: 0.0ms)


Started GET "/users/sign_in" for ::1 at 2019-11-09 13:14:13 +1000
Processing by Devise::SessionsController#new as HTML
  Rendering devise/sessions/new.html.erb within layouts/application
  Rendered devise/shared/_links.html.erb (51.0ms)
  Rendered devise/sessions/new.html.erb within layouts/application (335.1ms)
Completed 200 OK in 16414ms (Views: 16065.9ms | ActiveRecord: 0.0ms)


Started POST "/users/sign_in" for ::1 at 2019-11-09 13:15:37 +1000
Processing by Devise::SessionsController#create as HTML
  Parameters: {"utf8"=>"✓", "authenticity_token"=>"qEDTMWNQNVfhPl6b3b8cAkKOeCQcBEQ5l6h2E0zQJsJ9CTniv/UGocsf/hCcdRP6Hwj0zJtLw6AsxOb/SNnvnQ==", "user"=>{"email"=>"devinwreeks@gmail.com", "password"=>"[FILTERED]", "remember_me"=>"0"}, "commit"=>"Log in"}
  [1m[36mUser Load (20.8ms)[0m  [1m[34mSELECT  "users".* FROM "users" WHERE "users"."email" = $1 ORDER BY "users"."id" ASC LIMIT $2[0m  [["email", "devinwreeks@gmail.com"], ["LIMIT", 1]]
  ↳ /Users/devinreeks/.rvm/gems/ruby-2.6.3/gems/orm_adapter-0.5.0/lib/orm_adapter/adapters/active_record.rb:22
Completed 401 Unauthorized in 340ms (ActiveRecord: 35.4ms)


Processing by Devise::SessionsController#new as HTML
  Parameters: {"utf8"=>"✓", "authenticity_token"=>"qEDTMWNQNVfhPl6b3b8cAkKOeCQcBEQ5l6h2E0zQJsJ9CTniv/UGocsf/hCcdRP6Hwj0zJtLw6AsxOb/SNnvnQ==", "user"=>{"email"=>"devinwreeks@gmail.com", "password"=>"[FILTERED]", "remember_me"=>"0"}, "commit"=>"Log in"}
  Rendering devise/sessions/new.html.erb within layouts/application
  Rendered devise/shared/_links.html.erb (9.3ms)
  Rendered devise/sessions/new.html.erb within layouts/application (53.4ms)
Completed 200 OK in 373ms (Views: 247.9ms | ActiveRecord: 0.0ms)


Started POST "/users/sign_in" for ::1 at 2019-11-09 13:15:44 +1000
Processing by Devise::SessionsController#create as HTML
  Parameters: {"utf8"=>"✓", "authenticity_token"=>"6DiMdQdhetvK9NG7IT2WP/m6gHVvUnWTa5pk5Iz3Pi49cWam28RJLeDVcTBg95nHpDwMnegd8grQ9vQIiP73cQ==", "user"=>{"email"=>"devinwreeks@gmail.com", "password"=>"[FILTERED]", "remember_me"=>"0"}, "commit"=>"Log in"}
  [1m[36mUser Load (1.8ms)[0m  [1m[34mSELECT  "users".* FROM "users" WHERE "users"."email" = $1 ORDER BY "users"."id" ASC LIMIT $2[0m  [["email", "devinwreeks@gmail.com"], ["LIMIT", 1]]
  ↳ /Users/devinreeks/.rvm/gems/ruby-2.6.3/gems/orm_adapter-0.5.0/lib/orm_adapter/adapters/active_record.rb:22
Redirected to http://localhost:3000/
Completed 302 Found in 220ms (ActiveRecord: 1.8ms)


Started GET "/" for ::1 at 2019-11-09 13:15:44 +1000
Processing by JobpostsController#index as HTML
  [1m[36mUser Load (0.4ms)[0m  [1m[34mSELECT  "users".* FROM "users" WHERE "users"."id" = $1 ORDER BY "users"."id" ASC LIMIT $2[0m  [["id", 1], ["LIMIT", 1]]
  ↳ /Users/devinreeks/.rvm/gems/ruby-2.6.3/gems/orm_adapter-0.5.0/lib/orm_adapter/adapters/active_record.rb:17
  Rendering jobposts/index.html.erb within layouts/application
  [1m[36mJobpost Load (63.7ms)[0m  [1m[34mSELECT "jobposts".* FROM "jobposts"[0m
  ↳ app/views/jobposts/index.html.erb:17
  [1m[36mUser Load (0.6ms)[0m  [1m[34mSELECT  "users".* FROM "users" WHERE "users"."id" = $1 LIMIT $2[0m  [["id", 1], ["LIMIT", 1]]
  ↳ app/views/jobposts/index.html.erb:22
  [1m[36mCACHE User Load (0.0ms)[0m  [1m[34mSELECT  "users".* FROM "users" WHERE "users"."id" = $1 LIMIT $2[0m  [["id", 1], ["LIMIT", 1]]
  ↳ app/views/jobposts/index.html.erb:22
  [1m[36mCACHE User Load (0.0ms)[0m  [1m[34mSELECT  "users".* FROM "users" WHERE "users"."id" = $1 LIMIT $2[0m  [["id", 1], ["LIMIT", 1]]
  ↳ app/views/jobposts/index.html.erb:22
  [1m[36mUser Load (0.4ms)[0m  [1m[34mSELECT  "users".* FROM "users" WHERE "users"."id" = $1 LIMIT $2[0m  [["id", 2], ["LIMIT", 1]]
  ↳ app/views/jobposts/index.html.erb:22
  [1m[36mCACHE User Load (0.0ms)[0m  [1m[34mSELECT  "users".* FROM "users" WHERE "users"."id" = $1 LIMIT $2[0m  [["id", 1], ["LIMIT", 1]]
  ↳ app/views/jobposts/index.html.erb:22
  Rendered jobposts/index.html.erb within layouts/application (218.0ms)
Completed 200 OK in 366ms (Views: 230.5ms | ActiveRecord: 65.2ms)


